TN:
SF:src/App.tsx
FN:24,DynamicProjectPageWrapper
FN:40,ComponentViewPageWrapper
FN:56,PluginViewPageWrapper
FN:62,AppContent
FN:112,App
FNF:5
FNH:5
FNDA:9,DynamicProjectPageWrapper
FNDA:5,ComponentViewPageWrapper
FNDA:3,PluginViewPageWrapper
FNDA:44,AppContent
FNDA:44,App
DA:1,1
DA:2,1
DA:3,1
DA:4,1
DA:5,1
DA:6,1
DA:7,1
DA:8,1
DA:9,1
DA:10,1
DA:11,1
DA:12,1
DA:13,1
DA:14,1
DA:15,1
DA:16,1
DA:17,1
DA:18,1
DA:19,1
DA:20,1
DA:21,1
DA:24,1
DA:25,9
DA:27,9
DA:28,9
DA:29,9
DA:31,9
DA:32,9
DA:34,7
DA:35,9
DA:37,5
DA:38,5
DA:40,1
DA:41,5
DA:43,5
DA:44,5
DA:45,5
DA:47,5
DA:48,5
DA:50,3
DA:51,5
DA:53,2
DA:54,2
DA:56,3
DA:57,3
DA:58,3
DA:59,3
DA:62,1
DA:63,44
DA:65,44
DA:66,44
DA:67,44
DA:68,44
DA:69,44
DA:70,44
DA:72,44
DA:73,44
DA:76,44
DA:77,44
DA:78,44
DA:79,44
DA:80,44
DA:81,44
DA:84,44
DA:85,44
DA:86,44
DA:87,44
DA:88,44
DA:89,44
DA:90,44
DA:91,44
DA:92,44
DA:95,44
DA:96,44
DA:97,44
DA:98,44
DA:99,44
DA:100,44
DA:103,44
DA:104,44
DA:105,44
DA:106,44
DA:107,44
DA:109,44
DA:112,1
DA:113,44
DA:114,44
DA:115,44
DA:116,44
DA:117,44
DA:118,44
DA:120,44
DA:122,1
LF:93
LH:93
BRDA:24,0,0,9
BRDA:31,1,0,1
BRDA:31,2,0,8
BRDA:32,3,0,1
BRDA:32,4,0,7
BRDA:35,5,0,2
BRDA:35,6,0,5
BRDA:34,7,0,7
BRDA:40,8,0,5
BRDA:47,9,0,1
BRDA:47,10,0,4
BRDA:48,11,0,1
BRDA:48,12,0,3
BRDA:51,13,0,1
BRDA:51,14,0,2
BRDA:50,15,0,2
BRDA:56,16,0,3
BRDA:62,17,0,44
BRDA:112,18,0,44
BRF:19
BRH:19
end_of_record
TN:
SF:src/main.tsx
FN:1,(empty-report)
FNF:1
FNH:0
FNDA:0,(empty-report)
DA:1,0
DA:2,0
DA:3,0
DA:4,0
DA:6,0
DA:7,0
DA:8,0
DA:9,0
DA:12,0
DA:13,0
DA:15,0
LF:11
LH:0
BRDA:1,0,0,0
BRF:1
BRH:0
end_of_record
TN:
SF:src/components/Announcements.tsx
FN:10,Announcements
FN:12,formatName
FNF:2
FNH:2
FNDA:21,Announcements
FNDA:12,formatName
DA:1,1
DA:10,1
DA:12,21
DA:13,12
DA:14,12
DA:15,0
DA:18,21
DA:21,21
DA:22,6
DA:23,6
DA:24,21
DA:27,21
DA:28,0
DA:29,0
DA:31,21
DA:32,21
DA:33,21
DA:35,21
DA:36,21
DA:39,21
DA:40,21
DA:41,21
DA:42,21
DA:43,21
DA:44,21
DA:45,21
DA:46,21
DA:48,21
DA:49,21
DA:51,21
DA:53,21
DA:54,21
DA:55,21
DA:56,21
DA:58,21
LF:35
LH:32
BRDA:10,0,0,21
BRDA:27,1,0,0
BRDA:12,2,0,12
BRDA:14,3,0,0
BRDA:14,4,0,24
BRDA:21,5,0,6
BRDA:22,6,0,486
BRDA:23,7,0,12
BRF:8
BRH:6
end_of_record
TN:
SF:src/components/AppliedFilters.tsx
FN:42,isLegacyProps
FN:46,AppliedFilters
FNF:2
FNH:2
FNDA:174,isLegacyProps
FNDA:174,AppliedFilters
DA:1,1
DA:42,174
DA:43,174
DA:44,174
DA:46,1
DA:47,174
DA:48,174
DA:49,174
DA:51,174
DA:53,20
DA:54,20
DA:55,20
DA:56,20
DA:57,20
DA:58,20
DA:59,20
DA:60,20
DA:61,20
DA:62,20
DA:63,20
DA:64,20
DA:65,20
DA:66,20
DA:67,20
DA:68,20
DA:69,20
DA:70,20
DA:72,20
DA:73,20
DA:76,20
DA:77,14
DA:78,14
DA:79,14
DA:80,14
DA:81,14
DA:82,14
DA:85,20
DA:86,8
DA:87,8
DA:88,8
DA:89,8
DA:90,8
DA:91,8
DA:94,20
DA:95,1
DA:96,1
DA:97,1
DA:98,1
DA:99,1
DA:100,1
DA:103,20
DA:104,1
DA:105,1
DA:106,1
DA:107,1
DA:108,1
DA:109,1
DA:112,20
DA:113,1
DA:114,1
DA:115,1
DA:116,1
DA:117,1
DA:118,1
DA:121,20
DA:122,1
DA:123,1
DA:124,1
DA:125,1
DA:126,1
DA:127,1
DA:130,20
DA:131,5
DA:132,5
DA:133,2
DA:134,5
DA:135,2
DA:136,3
DA:137,1
DA:138,1
DA:140,5
DA:141,5
DA:142,5
DA:143,5
DA:144,5
DA:145,5
DA:146,5
DA:147,174
DA:149,154
DA:150,154
DA:151,154
DA:152,154
DA:155,174
DA:156,80
DA:157,80
DA:159,94
DA:160,174
DA:161,174
DA:162,109
DA:163,109
DA:164,109
DA:165,109
DA:166,109
DA:167,0
DA:168,109
DA:169,109
DA:171,109
DA:172,109
DA:173,109
DA:174,109
DA:175,109
DA:176,109
DA:177,109
DA:178,109
DA:180,109
DA:181,109
DA:182,109
DA:183,174
DA:185,174
DA:186,10
DA:187,10
DA:188,10
DA:189,10
DA:190,10
DA:191,10
DA:193,10
DA:195,174
DA:197,174
LF:128
LH:127
BRDA:42,0,0,174
BRDA:43,1,0,154
BRDA:46,2,0,174
BRDA:51,3,0,20
BRDA:76,4,0,14
BRDA:85,5,0,10
BRDA:85,6,0,8
BRDA:94,7,0,3
BRDA:94,8,0,1
BRDA:103,9,0,2
BRDA:103,10,0,1
BRDA:112,11,0,2
BRDA:112,12,0,1
BRDA:121,13,0,2
BRDA:121,14,0,1
BRDA:130,15,0,16
BRDA:130,16,0,5
BRDA:132,17,0,4
BRDA:132,18,0,2
BRDA:134,19,0,3
BRDA:134,20,0,2
BRDA:136,21,0,1
BRDA:147,22,0,154
BRDA:155,23,0,80
BRDA:157,24,0,94
BRDA:185,25,0,10
BRDA:161,26,0,109
BRDA:166,27,0,0
BRDA:171,28,0,5
BRF:29
BRH:28
end_of_record
TN:
SF:src/components/AuthErrorHandler.tsx
FN:19,AuthErrorHandler
FN:26,handleRetry
FNF:2
FNH:2
FNDA:52,AuthErrorHandler
FNDA:14,handleRetry
DA:1,1
DA:19,1
DA:20,52
DA:21,52
DA:22,52
DA:23,52
DA:24,52
DA:26,52
DA:27,14
DA:29,14
DA:31,14
DA:32,14
DA:33,14
DA:35,14
DA:36,14
DA:37,5
DA:38,5
DA:39,14
DA:40,14
DA:41,14
DA:42,14
DA:44,52
DA:45,52
DA:46,52
DA:47,52
DA:48,52
DA:49,52
DA:50,52
DA:51,52
DA:52,52
DA:53,52
DA:54,52
DA:55,52
DA:56,52
DA:57,52
DA:58,52
DA:59,52
DA:60,52
DA:61,52
DA:63,52
DA:64,14
DA:65,14
DA:67,14
DA:69,38
DA:70,38
DA:72,38
DA:74,52
DA:75,52
DA:76,52
DA:77,52
DA:79,52
DA:83,1
LF:52
LH:52
BRDA:19,0,0,52
BRDA:63,1,0,14
BRDA:67,2,0,38
BRDA:26,3,0,14
BRDA:33,4,0,9
BRDA:35,5,0,1
BRDA:36,6,0,5
BRDA:37,7,0,4
BRDA:37,8,0,1
BRDA:38,9,0,3
BRF:10
BRH:10
end_of_record
TN:
SF:src/components/BreadcrumbPage.tsx
FN:8,BreadcrumbPage
FNF:1
FNH:1
FNDA:28,BreadcrumbPage
DA:1,1
DA:8,1
DA:9,28
DA:10,28
DA:11,28
DA:12,28
DA:13,28
DA:15,28
DA:16,28
DA:17,28
DA:18,28
DA:20,28
LF:12
LH:12
BRDA:8,0,0,28
BRF:1
BRH:1
end_of_record
TN:
SF:src/components/Breadcrumbs.tsx
FN:42,formatEntityName
FN:50,formatTabName
FN:63,createBreadcrumbItem
FN:70,generateBreadcrumbs
FN:133,Breadcrumbs
FNF:5
FNH:5
FNDA:27,formatEntityName
FNDA:6,formatTabName
FNDA:73,createBreadcrumbItem
FNDA:37,generateBreadcrumbs
FNDA:15,Breadcrumbs
DA:1,1
DA:20,1
DA:21,1
DA:22,1
DA:23,1
DA:24,1
DA:25,1
DA:26,1
DA:27,1
DA:28,1
DA:29,1
DA:30,1
DA:31,1
DA:32,1
DA:33,1
DA:36,1
DA:37,1
DA:38,12
DA:39,12
DA:42,1
DA:43,27
DA:44,27
DA:45,27
DA:46,27
DA:47,27
DA:50,1
DA:51,6
DA:52,6
DA:53,6
DA:54,6
DA:55,6
DA:56,6
DA:57,6
DA:59,6
DA:60,6
DA:63,1
DA:64,73
DA:65,73
DA:66,73
DA:67,73
DA:70,1
DA:71,37
DA:72,37
DA:74,37
DA:75,2
DA:76,2
DA:78,35
DA:80,37
DA:81,73
DA:82,73
DA:83,73
DA:86,73
DA:88,73
DA:90,43
DA:91,73
DA:93,30
DA:94,30
DA:96,30
DA:98,30
DA:100,7
DA:101,7
DA:102,5
DA:103,7
DA:105,2
DA:106,2
DA:107,30
DA:109,4
DA:110,23
DA:112,6
DA:114,0
DA:115,6
DA:116,6
DA:117,6
DA:118,19
DA:120,6
DA:121,13
DA:123,7
DA:124,7
DA:126,30
DA:127,30
DA:128,73
DA:130,73
DA:131,73
DA:133,1
DA:134,15
DA:137,15
DA:138,15
DA:139,15
DA:140,15
DA:143,15
DA:144,1
DA:145,1
DA:147,14
DA:148,15
DA:149,0
DA:150,0
DA:152,14
DA:153,14
DA:154,14
DA:155,14
DA:156,28
DA:157,28
DA:158,14
DA:159,14
DA:160,14
DA:161,14
DA:163,28
DA:164,28
DA:165,14
DA:166,14
DA:167,28
DA:168,28
DA:169,28
DA:171,28
DA:172,28
DA:173,28
DA:174,14
DA:175,14
DA:176,14
DA:178,14
LF:120
LH:117
BRDA:37,0,0,12
BRDA:42,1,0,27
BRDA:45,2,0,49
BRDA:50,3,0,6
BRDA:59,4,0,0
BRDA:63,5,0,73
BRDA:70,6,0,37
BRDA:74,7,0,2
BRDA:76,8,0,35
BRDA:80,9,0,73
BRDA:88,10,0,43
BRDA:91,11,0,30
BRDA:98,12,0,17
BRDA:98,13,0,13
BRDA:98,14,0,7
BRDA:101,15,0,5
BRDA:102,16,0,0
BRDA:103,17,0,2
BRDA:107,18,0,23
BRDA:107,19,0,10
BRDA:107,20,0,4
BRDA:110,21,0,19
BRDA:110,22,0,6
BRDA:112,23,0,0
BRDA:112,24,0,0
BRDA:118,25,0,13
BRDA:118,26,0,7
BRDA:118,27,0,7
BRDA:118,28,0,6
BRDA:121,29,0,7
BRDA:100,30,0,10
BRDA:133,31,0,15
BRDA:143,32,0,1
BRDA:145,33,0,14
BRDA:148,34,0,0
BRDA:150,35,0,14
BRDA:155,36,0,28
BRDA:157,37,0,14
BRDA:164,38,0,14
BRDA:165,39,0,14
BRDA:168,40,0,14
BRDA:168,41,0,14
BRDA:169,42,0,14
BRDA:169,43,0,14
BRF:44
BRH:39
end_of_record
TN:
SF:src/components/CircuitBreakerSection.tsx
FN:24,CircuitBreakerSection
FN:27,toggleCircuitBreaker
FN:39,StatusDot
FN:40,getStatusDisplay
FN:65,getStateBadge
FN:79,parseRate
FN:84,getRateColor
FN:95,getMetricColor
FN:102,getMetricTextColor
FN:153,onClick
FNF:10
FNH:10
FNDA:16,CircuitBreakerSection
FNDA:4,toggleCircuitBreaker
FNDA:42,StatusDot
FNDA:42,getStatusDisplay
FNDA:29,getStateBadge
FNDA:16,parseRate
FNDA:8,getRateColor
FNDA:16,getMetricColor
FNDA:16,getMetricTextColor
FNDA:4,onClick
DA:1,1
DA:24,1
DA:25,16
DA:27,16
DA:28,4
DA:29,4
DA:30,4
DA:31,0
DA:32,4
DA:33,4
DA:34,4
DA:35,4
DA:36,4
DA:37,4
DA:39,16
DA:40,42
DA:41,42
DA:43,42
DA:44,42
DA:45,30
DA:46,42
DA:47,12
DA:48,42
DA:49,0
DA:50,42
DA:51,42
DA:53,42
DA:54,42
DA:55,42
DA:56,42
DA:57,42
DA:59,42
DA:60,42
DA:62,42
DA:65,16
DA:66,29
DA:67,29
DA:68,16
DA:69,29
DA:70,12
DA:71,29
DA:72,1
DA:73,29
DA:74,0
DA:75,29
DA:76,29
DA:79,16
DA:80,16
DA:81,16
DA:84,16
DA:85,8
DA:86,8
DA:88,8
DA:89,8
DA:90,8
DA:91,8
DA:92,8
DA:95,16
DA:96,16
DA:97,12
DA:98,12
DA:99,4
DA:100,16
DA:102,16
DA:103,16
DA:104,12
DA:105,12
DA:106,4
DA:107,16
DA:110,16
DA:111,15
DA:112,1
DA:114,16
DA:116,16
DA:117,16
DA:118,16
DA:119,16
DA:120,16
DA:122,16
DA:123,14
DA:124,14
DA:125,14
DA:127,16
DA:128,16
DA:129,16
DA:131,16
DA:132,16
DA:133,16
DA:134,16
DA:135,16
DA:136,16
DA:137,16
DA:138,16
DA:139,16
DA:140,16
DA:143,16
DA:144,14
DA:145,14
DA:146,26
DA:147,26
DA:148,26
DA:150,26
DA:151,26
DA:152,26
DA:153,26
DA:154,26
DA:156,26
DA:157,26
DA:158,25
DA:159,4
DA:160,21
DA:162,26
DA:163,26
DA:164,26
DA:166,26
DA:167,26
DA:168,26
DA:169,26
DA:170,26
DA:172,26
DA:173,4
DA:175,4
DA:176,4
DA:177,4
DA:178,4
DA:181,4
DA:182,4
DA:184,4
DA:185,4
DA:187,4
DA:188,4
DA:189,4
DA:190,4
DA:191,4
DA:192,4
DA:195,4
DA:196,4
DA:197,4
DA:198,4
DA:199,4
DA:200,4
DA:203,4
DA:204,4
DA:205,4
DA:206,4
DA:207,4
DA:208,4
DA:211,4
DA:212,4
DA:213,4
DA:214,4
DA:215,4
DA:216,4
DA:217,4
DA:218,4
DA:221,4
DA:222,4
DA:224,4
DA:226,4
DA:228,4
DA:229,4
DA:230,4
DA:231,4
DA:232,4
DA:233,4
DA:234,4
DA:235,4
DA:236,4
DA:237,4
DA:238,4
DA:239,4
DA:240,4
DA:241,4
DA:244,4
DA:245,4
DA:246,4
DA:247,4
DA:248,4
DA:249,4
DA:250,4
DA:251,4
DA:252,4
DA:253,4
DA:254,4
DA:255,4
DA:256,4
DA:257,4
DA:258,4
DA:261,4
DA:262,0
DA:263,0
DA:264,0
DA:265,0
DA:266,0
DA:267,0
DA:269,4
DA:270,4
DA:272,26
DA:274,14
DA:275,14
DA:277,2
DA:278,2
DA:279,2
DA:280,2
DA:282,16
DA:283,16
DA:285,16
LF:207
LH:198
BRDA:24,0,0,16
BRDA:110,1,0,15
BRDA:110,2,0,15
BRDA:111,3,0,1
BRDA:122,4,0,14
BRDA:143,5,0,14
BRDA:275,6,0,2
BRDA:27,7,0,4
BRDA:28,8,0,4
BRDA:30,9,0,0
BRDA:39,10,0,42
BRDA:40,11,0,42
BRDA:41,12,0,0
BRDA:44,13,0,30
BRDA:46,14,0,12
BRDA:48,15,0,0
BRDA:65,16,0,29
BRDA:67,17,0,16
BRDA:69,18,0,12
BRDA:71,19,0,1
BRDA:73,20,0,0
BRDA:79,21,0,16
BRDA:84,22,0,8
BRDA:88,23,0,0
BRDA:89,24,0,0
BRDA:90,25,0,0
BRDA:95,26,0,16
BRDA:96,27,0,12
BRDA:97,28,0,8
BRDA:97,29,0,4
BRDA:98,30,0,4
BRDA:102,31,0,16
BRDA:103,32,0,12
BRDA:104,33,0,8
BRDA:104,34,0,4
BRDA:105,35,0,4
BRDA:145,36,0,26
BRDA:147,37,0,25
BRDA:154,38,0,25
BRDA:154,39,0,1
BRDA:157,40,0,25
BRDA:158,41,0,4
BRDA:159,42,0,21
BRDA:167,43,0,25
BRDA:167,44,0,25
BRDA:172,45,0,4
BRDA:172,46,0,4
BRDA:172,47,0,4
BRDA:261,48,0,0
BRDA:153,49,0,4
BRF:50
BRH:42
end_of_record
TN:
SF:src/components/ComponentCard.tsx
FN:15,ComponentCard
FN:38,handleCardClick
FNF:2
FNH:2
FNDA:87,ComponentCard
FNDA:2,handleCardClick
DA:1,1
DA:15,87
DA:16,87
DA:17,87
DA:18,87
DA:19,87
DA:20,87
DA:21,87
DA:22,87
DA:23,87
DA:24,87
DA:25,87
DA:26,87
DA:27,87
DA:30,87
DA:31,87
DA:32,87
DA:33,87
DA:34,87
DA:35,87
DA:38,87
DA:39,2
DA:40,2
DA:41,0
DA:42,0
DA:43,0
DA:44,0
DA:45,0
DA:46,0
DA:48,2
DA:49,2
DA:50,2
DA:51,2
DA:53,87
DA:54,87
DA:55,87
DA:56,87
DA:57,87
DA:58,87
DA:59,87
DA:60,87
DA:61,87
DA:62,87
DA:64,87
DA:66,87
DA:67,87
DA:68,87
DA:69,87
DA:70,87
DA:71,87
DA:72,87
DA:73,87
DA:74,87
DA:75,87
DA:76,87
DA:77,87
DA:80,87
DA:83,87
DA:84,87
DA:85,87
DA:86,87
DA:87,87
DA:88,87
DA:89,87
DA:91,87
LF:65
LH:59
BRDA:15,0,0,87
BRDA:30,1,0,0
BRDA:31,2,0,0
BRDA:33,3,0,66
BRDA:34,4,0,8
BRDA:34,5,0,5
BRDA:35,6,0,12
BRDA:55,7,0,12
BRDA:55,8,0,75
BRDA:59,9,0,5
BRDA:60,10,0,82
BRDA:60,11,0,0
BRDA:61,12,0,82
BRDA:67,13,0,5
BRDA:84,14,0,5
BRDA:38,15,0,2
BRDA:40,16,0,0
BRF:17
BRH:13
end_of_record
TN:
SF:src/components/ComponentViewApi.tsx
FN:27,ComponentViewApi
FN:91,onClick
FN:104,onClick
FN:115,onClick
FNF:4
FNH:2
FNDA:14,ComponentViewApi
FNDA:0,onClick
FNDA:0,onClick
FNDA:1,onClick
DA:1,1
DA:27,1
DA:28,14
DA:29,14
DA:32,14
DA:33,14
DA:34,1
DA:35,1
DA:36,14
DA:39,14
DA:40,1
DA:41,1
DA:42,1
DA:43,1
DA:44,1
DA:45,1
DA:46,1
DA:48,1
DA:51,14
DA:52,2
DA:53,2
DA:54,2
DA:55,2
DA:56,2
DA:57,2
DA:58,2
DA:59,2
DA:60,2
DA:61,2
DA:62,2
DA:63,2
DA:64,2
DA:65,2
DA:67,2
DA:69,11
DA:71,11
DA:72,11
DA:74,11
DA:75,11
DA:76,11
DA:77,11
DA:78,11
DA:79,11
DA:80,14
DA:81,14
DA:82,14
DA:83,9
DA:85,14
DA:87,14
DA:89,14
DA:90,14
DA:91,14
DA:92,14
DA:93,14
DA:94,14
DA:96,14
DA:97,14
DA:98,14
DA:99,14
DA:100,14
DA:101,14
DA:102,14
DA:103,14
DA:104,14
DA:105,14
DA:106,14
DA:107,14
DA:109,14
DA:110,14
DA:113,14
DA:114,8
DA:115,8
DA:116,8
DA:117,8
DA:118,8
DA:120,8
DA:122,8
DA:124,14
DA:125,14
DA:126,14
DA:127,14
DA:130,14
DA:131,1
DA:132,1
DA:133,1
DA:134,1
DA:135,1
DA:136,1
DA:137,1
DA:138,1
DA:139,1
DA:140,1
DA:141,1
DA:142,1
DA:143,1
DA:144,1
DA:145,1
DA:146,1
DA:147,1
DA:148,1
DA:149,1
DA:150,1
DA:151,1
DA:152,1
DA:153,1
DA:154,1
DA:155,1
DA:156,1
DA:157,1
DA:158,1
DA:159,1
DA:160,1
DA:161,1
DA:162,1
DA:164,10
DA:165,10
DA:166,10
DA:168,14
DA:170,14
LF:119
LH:119
BRDA:27,0,0,14
BRDA:39,1,0,1
BRDA:48,2,0,13
BRDA:51,3,0,12
BRDA:51,4,0,2
BRDA:62,5,0,1
BRDA:62,6,0,1
BRDA:67,7,0,11
BRDA:80,8,0,1
BRDA:82,9,0,11
BRDA:82,10,0,9
BRDA:92,11,0,10
BRDA:92,12,0,1
BRDA:105,13,0,1
BRDA:105,14,0,10
BRDA:113,15,0,8
BRDA:130,16,0,1
BRDA:162,17,0,10
BRDA:32,18,0,14
BRDA:33,19,0,1
BRDA:33,20,0,1
BRDA:33,21,0,1
BRDA:115,22,0,1
BRF:23
BRH:23
end_of_record
TN:
SF:src/components/ComponentViewOverview.tsx
FN:27,ComponentViewOverview
FN:41,handleHealthButtonClick
FNF:2
FNH:1
FNDA:7,ComponentViewOverview
FNDA:0,handleHealthButtonClick
DA:1,1
DA:27,1
DA:28,7
DA:29,7
DA:30,7
DA:31,7
DA:32,7
DA:33,7
DA:34,7
DA:35,7
DA:36,7
DA:37,7
DA:38,7
DA:39,7
DA:41,7
DA:42,0
DA:43,0
DA:45,7
DA:46,1
DA:47,1
DA:48,1
DA:49,1
DA:50,1
DA:52,1
DA:54,7
DA:55,1
DA:56,1
DA:57,1
DA:58,1
DA:59,1
DA:61,1
DA:63,5
DA:64,5
DA:66,5
DA:67,5
DA:68,5
DA:69,5
DA:70,5
DA:71,5
DA:72,5
DA:73,5
DA:74,5
DA:75,5
DA:78,7
DA:81,7
DA:82,4
DA:83,4
DA:85,4
DA:86,3
DA:87,3
DA:88,3
DA:89,3
DA:93,4
DA:94,2
DA:96,4
DA:99,4
DA:100,4
DA:102,4
DA:104,7
DA:106,7
LF:60
LH:58
BRDA:27,0,0,7
BRDA:45,1,0,1
BRDA:52,2,0,6
BRDA:54,3,0,5
BRDA:54,4,0,1
BRDA:61,5,0,5
BRDA:78,6,0,1
BRDA:81,7,0,4
BRDA:85,8,0,3
BRDA:93,9,0,2
BRDA:93,10,0,2
BRF:11
BRH:11
end_of_record
TN:
SF:src/components/ComponentsList.tsx
FN:15,ComponentsList
FN:33,openLink
FN:40,renderCompactComponentItem
FN:44,handleClick
FN:82,onClick
FN:95,renderComponentCard
FN:100,__vite_ssr_import_0__.jsxDEV.onClick
FNF:7
FNH:7
FNDA:35,ComponentsList
FNDA:2,openLink
FNDA:59,renderCompactComponentItem
FNDA:3,handleClick
FNDA:2,onClick
FNDA:42,renderComponentCard
FNDA:1,__vite_ssr_import_0__.jsxDEV.onClick
DA:1,1
DA:15,1
DA:16,35
DA:17,35
DA:18,35
DA:19,35
DA:20,35
DA:21,35
DA:22,35
DA:23,35
DA:24,35
DA:25,35
DA:26,2
DA:27,2
DA:29,2
DA:31,2
DA:33,33
DA:34,2
DA:35,2
DA:36,2
DA:37,2
DA:40,33
DA:41,59
DA:42,59
DA:44,59
DA:46,3
DA:47,3
DA:48,1
DA:49,1
DA:50,3
DA:52,59
DA:53,59
DA:54,59
DA:55,59
DA:56,59
DA:58,59
DA:59,59
DA:60,59
DA:61,59
DA:62,59
DA:63,59
DA:64,59
DA:65,59
DA:66,59
DA:68,59
DA:69,59
DA:71,59
DA:72,59
DA:73,53
DA:74,53
DA:75,53
DA:77,59
DA:78,59
DA:79,53
DA:80,53
DA:81,53
DA:82,53
DA:83,53
DA:85,53
DA:87,53
DA:89,59
DA:90,59
DA:92,59
DA:95,33
DA:96,42
DA:97,42
DA:98,42
DA:99,42
DA:100,42
DA:101,1
DA:102,42
DA:103,42
DA:105,42
DA:108,35
DA:110,19
DA:111,2
DA:112,8
DA:113,8
DA:114,4
DA:115,4
DA:116,8
DA:117,8
DA:118,2
DA:120,2
DA:122,2
DA:123,2
DA:124,2
DA:125,4
DA:126,4
DA:127,4
DA:128,4
DA:129,4
DA:130,4
DA:131,4
DA:132,4
DA:133,4
DA:135,4
DA:136,4
DA:137,4
DA:138,4
DA:139,4
DA:140,2
DA:141,2
DA:143,2
DA:146,17
DA:147,17
DA:148,17
DA:149,17
DA:151,17
DA:154,35
DA:155,8
DA:156,8
DA:157,8
DA:158,8
DA:160,8
DA:163,6
DA:164,18
DA:165,18
DA:166,12
DA:167,12
DA:168,18
DA:169,18
DA:170,6
DA:172,6
DA:174,6
DA:175,6
DA:176,6
DA:177,12
DA:178,12
DA:179,12
DA:180,12
DA:181,12
DA:182,12
DA:183,12
DA:184,10
DA:185,10
DA:186,12
DA:187,12
DA:188,12
DA:189,12
DA:190,12
DA:191,12
DA:192,6
DA:193,6
DA:195,6
LF:145
LH:145
BRDA:15,0,0,35
BRDA:25,1,0,2
BRDA:31,2,0,33
BRDA:108,3,0,19
BRDA:110,4,0,2
BRDA:143,5,0,17
BRDA:151,6,0,14
BRDA:154,7,0,8
BRDA:160,8,0,6
BRDA:33,9,0,2
BRDA:40,10,0,59
BRDA:41,11,0,0
BRDA:42,12,0,0
BRDA:61,13,0,0
BRDA:66,14,0,0
BRDA:72,15,0,53
BRDA:78,16,0,53
BRDA:44,17,0,3
BRDA:47,18,0,1
BRDA:47,19,0,1
BRDA:82,20,0,2
BRDA:95,21,0,42
BRDA:100,22,0,6
BRDA:102,23,0,36
BRDA:100,24,0,1
BRDA:111,25,0,8
BRDA:112,26,0,0
BRDA:113,27,0,4
BRDA:124,28,0,4
BRDA:163,29,0,18
BRDA:164,30,0,4
BRDA:165,31,0,12
BRDA:176,32,0,12
BRDA:183,33,0,10
BRF:34
BRH:29
end_of_record
TN:
SF:src/components/ComponentsSearchFilter.tsx
FN:11,ComponentsSearchFilter
FN:22,onChange
FNF:2
FNH:2
FNDA:10,ComponentsSearchFilter
FNDA:7,onChange
DA:1,1
DA:11,1
DA:12,10
DA:13,10
DA:14,10
DA:15,10
DA:16,10
DA:17,10
DA:18,10
DA:19,10
DA:20,10
DA:21,10
DA:22,10
DA:23,10
DA:24,10
DA:25,10
DA:27,10
LF:17
LH:17
BRDA:11,0,0,10
BRDA:22,1,0,7
BRF:2
BRH:2
end_of_record
TN:
SF:src/components/ComponentsTabContent.tsx
FN:52,ComponentsTabContent
FN:109,sortComponents
FN:159,onChange
FNF:3
FNH:3
FNDA:15,ComponentsTabContent
FNDA:30,sortComponents
FNDA:1,onChange
DA:1,1
DA:52,1
DA:53,15
DA:54,15
DA:55,15
DA:56,15
DA:57,15
DA:58,15
DA:59,15
DA:60,15
DA:61,15
DA:62,15
DA:63,15
DA:64,15
DA:65,15
DA:66,15
DA:67,15
DA:68,15
DA:69,15
DA:70,15
DA:71,15
DA:72,15
DA:73,15
DA:74,15
DA:75,15
DA:76,15
DA:77,15
DA:78,15
DA:79,15
DA:80,15
DA:81,15
DA:82,15
DA:83,15
DA:84,15
DA:86,15
DA:87,1
DA:88,1
DA:89,1
DA:90,2
DA:91,1
DA:92,1
DA:93,1
DA:94,1
DA:97,15
DA:98,15
DA:100,15
DA:101,27
DA:102,1
DA:103,27
DA:104,26
DA:105,26
DA:106,15
DA:109,15
DA:110,30
DA:111,12
DA:112,0
DA:113,0
DA:114,0
DA:115,0
DA:116,0
DA:117,12
DA:118,30
DA:119,30
DA:121,15
DA:122,15
DA:123,15
DA:124,15
DA:125,15
DA:127,15
DA:128,1
DA:129,1
DA:130,1
DA:131,1
DA:132,1
DA:133,1
DA:134,1
DA:136,1
DA:138,15
DA:139,1
DA:140,1
DA:141,1
DA:142,1
DA:143,1
DA:144,1
DA:145,1
DA:147,1
DA:149,13
DA:150,13
DA:152,13
DA:153,8
DA:154,8
DA:155,8
DA:156,8
DA:157,8
DA:158,8
DA:159,8
DA:160,8
DA:161,8
DA:162,8
DA:163,8
DA:164,8
DA:165,2
DA:166,2
DA:167,2
DA:168,2
DA:169,2
DA:170,2
DA:171,2
DA:172,2
DA:173,2
DA:175,8
DA:176,1
DA:177,1
DA:178,1
DA:179,1
DA:181,1
DA:182,1
DA:184,8
DA:185,8
DA:189,15
DA:190,1
DA:191,1
DA:192,1
DA:193,1
DA:194,1
DA:196,12
DA:197,12
DA:198,12
DA:199,12
DA:200,12
DA:201,12
DA:202,12
DA:203,12
DA:204,12
DA:205,12
DA:206,12
DA:207,12
DA:208,12
DA:209,12
DA:210,12
DA:213,12
DA:214,12
DA:215,12
DA:216,12
DA:217,12
DA:218,12
DA:219,12
DA:220,12
DA:224,12
DA:225,1
DA:226,1
DA:228,1
DA:229,1
DA:230,1
DA:231,1
DA:232,1
DA:233,1
DA:234,1
DA:236,12
DA:237,12
DA:239,15
DA:241,15
LF:162
LH:157
BRDA:52,0,0,15
BRDA:127,1,0,1
BRDA:136,2,0,14
BRDA:138,3,0,1
BRDA:147,4,0,13
BRDA:152,5,0,8
BRDA:164,6,0,2
BRDA:175,7,0,1
BRDA:189,8,0,12
BRDA:189,9,0,1
BRDA:192,10,0,0
BRDA:194,11,0,12
BRDA:224,12,0,1
BRDA:83,13,0,15
BRDA:86,14,0,1
BRDA:89,15,0,2
BRDA:90,16,0,1
BRDA:91,17,0,1
BRDA:100,18,0,27
BRDA:101,19,0,1
BRDA:103,20,0,26
BRDA:109,21,0,30
BRDA:110,22,0,12
BRDA:111,23,0,0
BRDA:117,24,0,0
BRDA:117,25,0,0
BRDA:159,26,0,1
BRF:27
BRH:23
end_of_record
TN:
SF:src/components/DateRangeCalendar.tsx
FN:10,DateRangeCalendar
FNF:1
FNH:1
FNDA:45,DateRangeCalendar
DA:1,1
DA:10,45
DA:11,45
DA:12,45
DA:13,45
DA:14,45
DA:15,45
DA:18,45
DA:19,38
DA:20,38
DA:21,15
DA:22,15
DA:24,23
DA:26,23
DA:27,23
DA:28,23
DA:30,36
DA:31,20
DA:34,20
DA:35,17
DA:36,17
DA:37,17
DA:39,17
DA:40,2240
DA:41,2240
DA:42,2240
DA:44,17
DA:45,16
DA:46,16
DA:47,17
DA:48,20
DA:50,23
DA:51,45
DA:53,45
DA:54,45
DA:55,45
DA:56,45
DA:57,45
DA:58,45
DA:59,45
DA:60,45
DA:61,45
DA:62,45
DA:63,45
DA:64,45
DA:65,45
DA:66,45
DA:67,45
DA:68,45
DA:69,45
DA:70,45
DA:71,45
DA:72,45
DA:73,45
DA:74,45
DA:75,45
DA:77,45
DA:78,45
DA:79,45
DA:176,45
DA:178,45
DA:179,45
DA:180,45
DA:181,45
DA:182,45
DA:183,45
DA:184,45
DA:185,45
DA:186,45
DA:187,45
DA:188,45
DA:189,45
DA:190,45
DA:191,45
DA:192,45
DA:193,45
DA:194,45
DA:195,45
DA:196,45
DA:197,45
DA:198,45
DA:199,45
DA:200,45
DA:201,45
DA:202,45
DA:203,45
DA:204,45
DA:205,45
DA:206,45
DA:207,45
DA:208,45
DA:209,45
DA:210,45
DA:211,45
DA:212,45
DA:213,45
DA:214,45
DA:215,45
DA:216,45
DA:217,45
DA:218,45
DA:220,45
DA:221,1
LF:103
LH:103
BRDA:10,0,0,45
BRDA:18,1,0,38
BRDA:20,2,0,26
BRDA:20,3,0,26
BRDA:20,4,0,15
BRDA:22,5,0,36
BRDA:22,6,0,23
BRDA:30,7,0,20
BRDA:34,8,0,17
BRDA:39,9,0,2240
BRDA:44,10,0,16
BRDA:48,11,0,23
BRF:12
BRH:12
end_of_record
TN:
SF:src/components/DeveloperRankCard.tsx
FN:10,DeveloperRankCard
FNF:1
FNH:1
FNDA:38,DeveloperRankCard
DA:1,1
DA:10,38
DA:11,38
DA:12,38
DA:13,38
DA:14,38
DA:15,38
DA:16,38
DA:17,38
DA:18,38
DA:19,38
DA:20,38
DA:21,38
DA:22,38
DA:23,38
DA:24,38
DA:25,38
DA:26,38
DA:27,38
DA:29,38
LF:20
LH:20
BRDA:10,0,0,38
BRF:1
BRH:1
end_of_record
TN:
SF:src/components/GlobalAuthErrorHandler.tsx
FN:22,GlobalAuthErrorHandler
FN:31,showAuthError
FN:68,hideAuthError
FN:81,onRetrySuccess
FN:85,onRetryError
FNF:5
FNH:5
FNDA:64,GlobalAuthErrorHandler
FNDA:25,showAuthError
FNDA:5,hideAuthError
FNDA:5,onRetrySuccess
FNDA:4,onRetryError
DA:1,1
DA:22,1
DA:23,64
DA:24,64
DA:25,64
DA:26,64
DA:29,64
DA:31,64
DA:32,25
DA:33,25
DA:34,25
DA:35,25
DA:36,25
DA:37,25
DA:38,25
DA:39,25
DA:40,25
DA:41,25
DA:42,25
DA:45,64
DA:46,32
DA:48,32
DA:49,32
DA:50,32
DA:51,64
DA:54,64
DA:55,63
DA:56,5
DA:57,5
DA:58,5
DA:60,0
DA:61,5
DA:62,1
DA:63,1
DA:64,5
DA:65,5
DA:66,64
DA:68,64
DA:69,5
DA:70,5
DA:71,5
DA:72,5
DA:73,5
DA:76,64
DA:77,64
DA:78,64
DA:79,26
DA:80,26
DA:81,26
DA:82,5
DA:83,5
DA:84,5
DA:85,26
DA:86,4
DA:87,4
DA:88,26
DA:90,64
DA:92,64
LF:58
LH:57
BRDA:22,0,0,64
BRDA:78,1,0,26
BRDA:31,2,0,25
BRDA:45,3,0,32
BRDA:48,4,0,32
BRDA:54,5,0,63
BRDA:55,6,0,12
BRDA:55,7,0,5
BRDA:61,8,0,1
BRDA:68,9,0,5
BRDA:81,10,0,5
BRDA:82,11,0,1
BRDA:85,12,0,4
BRDA:86,13,0,3
BRF:14
BRH:14
end_of_record
TN:
SF:src/components/HealthStatusFilter.tsx
FN:15,HealthStatusFilter
FN:23,onClick
FNF:2
FNH:2
FNDA:26,HealthStatusFilter
FNDA:18,onClick
DA:1,1
DA:15,1
DA:16,26
DA:17,26
DA:18,26
DA:19,26
DA:20,26
DA:21,26
DA:22,26
DA:23,26
DA:24,26
DA:26,26
DA:27,8
DA:28,8
DA:30,8
DA:32,17
DA:33,17
DA:35,17
DA:37,26
DA:38,26
DA:39,26
DA:40,26
DA:41,26
DA:42,8
DA:43,17
DA:44,26
DA:45,26
DA:46,26
DA:47,26
DA:49,26
LF:30
LH:30
BRDA:15,0,0,26
BRDA:21,1,0,8
BRDA:21,2,0,17
BRDA:26,3,0,8
BRDA:30,4,0,17
BRDA:41,5,0,8
BRDA:42,6,0,17
BRDA:23,7,0,18
BRF:8
BRH:8
end_of_record
TN:
SF:src/components/Heatmap.tsx
FN:12,Heatmap
FN:24,generateMonthLabels
FN:37,generateHeatmapWeeks
FNF:3
FNH:3
FNDA:45,Heatmap
FNDA:38,generateMonthLabels
FNDA:38,generateHeatmapWeeks
DA:1,1
DA:12,45
DA:13,45
DA:14,45
DA:15,45
DA:16,45
DA:17,45
DA:18,45
DA:19,45
DA:20,45
DA:21,45
DA:24,45
DA:25,38
DA:26,38
DA:27,38
DA:29,38
DA:30,278
DA:31,278
DA:32,278
DA:33,38
DA:34,38
DA:37,45
DA:39,38
DA:40,38
DA:41,150
DA:42,150
DA:43,38
DA:45,38
DA:46,1226
DA:47,1226
DA:48,1226
DA:49,1226
DA:50,8582
DA:51,8582
DA:52,8582
DA:53,8582
DA:55,8582
DA:56,8582
DA:57,8582
DA:58,8582
DA:59,8582
DA:60,8582
DA:62,1226
DA:63,1226
DA:65,38
DA:66,38
DA:68,45
DA:69,45
DA:70,45
DA:71,45
DA:72,45
DA:73,45
DA:74,45
DA:75,45
DA:76,45
DA:77,45
DA:78,45
DA:79,45
DA:80,45
DA:81,45
DA:82,45
DA:83,221
DA:84,45
DA:85,45
DA:86,45
DA:87,45
DA:88,45
DA:91,45
DA:92,7
DA:93,7
DA:94,7
DA:96,38
DA:98,38
DA:99,38
DA:100,38
DA:103,38
DA:105,38
DA:106,38
DA:107,38
DA:108,38
DA:109,38
DA:110,38
DA:111,38
DA:112,38
DA:113,38
DA:116,38
DA:117,38
DA:118,38
DA:119,38
DA:120,38
DA:122,45
DA:123,45
DA:124,45
DA:126,45
LF:94
LH:94
BRDA:12,0,0,45
BRDA:91,1,0,7
BRDA:94,2,0,38
BRDA:24,3,0,38
BRDA:29,4,0,278
BRDA:30,5,0,26
BRDA:30,6,0,26
BRDA:30,7,0,252
BRDA:37,8,0,38
BRDA:40,9,0,150
BRDA:45,10,0,1226
BRDA:49,11,0,8582
BRDA:52,12,0,33
BRDA:52,13,0,8549
BRDA:53,14,0,33
BRDA:53,15,0,8564
BRDA:82,16,0,221
BRF:17
BRH:17
end_of_record
TN:
SF:src/components/LandscapeFilter.tsx
FN:25,LandscapeFilter
FN:56,getStatusColor
FN:74,isCentralLandscape
FN:78,isLandscapeDisabled
FN:117,handleLandscapeChange
FN:131,handleClear
FN:203,onSelect
FNF:7
FNH:7
FNDA:91,LandscapeFilter
FNDA:254,getStatusColor
FNDA:489,isCentralLandscape
FNDA:235,isLandscapeDisabled
FNDA:4,handleLandscapeChange
FNDA:2,handleClear
FNDA:4,onSelect
DA:1,1
DA:25,1
DA:26,91
DA:27,91
DA:28,91
DA:29,91
DA:30,91
DA:31,91
DA:32,91
DA:33,91
DA:34,91
DA:35,91
DA:36,91
DA:38,91
DA:39,91
DA:42,91
DA:43,91
DA:45,91
DA:46,70
DA:47,70
DA:49,70
DA:50,70
DA:51,70
DA:53,70
DA:54,91
DA:56,91
DA:57,254
DA:58,254
DA:59,254
DA:60,254
DA:61,158
DA:62,254
DA:63,254
DA:64,47
DA:65,254
DA:66,254
DA:67,254
DA:68,45
DA:69,254
DA:70,4
DA:71,254
DA:72,254
DA:74,91
DA:75,489
DA:76,489
DA:78,91
DA:80,235
DA:82,163
DA:83,235
DA:85,91
DA:86,70
DA:87,19
DA:88,19
DA:89,91
DA:92,91
DA:93,70
DA:96,70
DA:97,2
DA:98,2
DA:101,70
DA:102,131
DA:103,70
DA:105,70
DA:106,91
DA:108,91
DA:109,70
DA:110,91
DA:113,91
DA:114,70
DA:115,91
DA:117,91
DA:118,4
DA:119,4
DA:120,4
DA:123,4
DA:124,1
DA:125,1
DA:127,4
DA:128,4
DA:129,4
DA:131,91
DA:133,2
DA:134,1
DA:135,1
DA:136,2
DA:137,2
DA:139,91
DA:140,91
DA:141,91
DA:142,91
DA:143,91
DA:144,91
DA:145,91
DA:146,91
DA:147,91
DA:148,91
DA:149,91
DA:150,91
DA:151,91
DA:152,91
DA:154,91
DA:155,19
DA:156,19
DA:157,19
DA:158,19
DA:159,19
DA:160,19
DA:161,15
DA:163,15
DA:165,19
DA:167,72
DA:168,72
DA:169,72
DA:171,91
DA:172,91
DA:173,91
DA:174,91
DA:175,91
DA:176,2
DA:178,2
DA:180,89
DA:181,89
DA:182,89
DA:183,89
DA:184,89
DA:185,154
DA:186,154
DA:187,154
DA:188,154
DA:189,154
DA:190,154
DA:191,154
DA:194,154
DA:195,235
DA:196,235
DA:197,235
DA:199,235
DA:200,235
DA:201,235
DA:202,235
DA:203,235
DA:204,235
DA:206,235
DA:207,235
DA:208,235
DA:209,235
DA:210,235
DA:211,235
DA:212,235
DA:213,235
DA:214,235
DA:215,235
DA:216,72
DA:218,72
DA:220,235
DA:221,235
DA:223,154
DA:224,154
DA:225,89
DA:226,89
DA:227,89
DA:229,91
DA:230,91
DA:231,91
DA:233,91
DA:234,18
DA:235,18
DA:236,18
DA:237,18
DA:238,18
DA:240,18
DA:242,18
DA:245,91
DA:246,50
DA:247,50
DA:248,50
DA:249,50
DA:251,50
DA:253,50
DA:255,91
DA:257,91
LF:181
LH:181
BRDA:25,0,0,91
BRDA:42,1,0,46
BRDA:43,2,0,45
BRDA:43,3,0,46
BRDA:151,4,0,72
BRDA:151,5,0,70
BRDA:154,6,0,19
BRDA:158,7,0,1
BRDA:160,8,0,15
BRDA:165,9,0,72
BRDA:168,10,0,2
BRDA:168,11,0,70
BRDA:175,12,0,2
BRDA:178,13,0,89
BRDA:233,14,0,19
BRDA:233,15,0,18
BRDA:245,16,0,50
BRDA:45,17,0,70
BRDA:50,18,0,3
BRDA:50,19,0,5
BRDA:56,20,0,254
BRDA:58,21,0,81
BRDA:59,22,0,158
BRDA:60,23,0,158
BRDA:62,24,0,47
BRDA:63,25,0,47
BRDA:65,26,0,45
BRDA:66,27,0,45
BRDA:67,28,0,45
BRDA:69,29,0,4
BRDA:74,30,0,489
BRDA:78,31,0,235
BRDA:80,32,0,72
BRDA:80,33,0,163
BRDA:85,34,0,70
BRDA:86,35,0,51
BRDA:86,36,0,19
BRDA:88,37,0,24
BRDA:92,38,0,70
BRDA:96,39,0,2
BRDA:101,40,0,131
BRDA:108,41,0,70
BRDA:113,42,0,70
BRDA:114,43,0,68
BRDA:117,44,0,4
BRDA:123,45,0,1
BRDA:131,46,0,2
BRDA:133,47,0,1
BRDA:184,48,0,154
BRDA:189,49,0,2
BRDA:194,50,0,235
BRDA:197,51,0,78
BRDA:209,52,0,19
BRDA:209,53,0,216
BRDA:215,54,0,72
BRDA:203,55,0,4
BRF:56
BRH:56
end_of_record
TN:
SF:src/components/LandscapeLinksSection.tsx
FN:31,LandscapeLinksSection
FNF:1
FNH:1
FNDA:46,LandscapeLinksSection
DA:1,1
DA:31,1
DA:32,46
DA:33,46
DA:34,46
DA:35,46
DA:36,46
DA:37,46
DA:38,46
DA:42,46
DA:43,43
DA:44,80
DA:45,117
DA:46,117
DA:47,117
DA:48,117
DA:49,80
DA:50,80
DA:51,43
DA:52,46
DA:55,46
DA:56,46
DA:57,46
DA:58,46
DA:59,46
DA:60,46
DA:61,46
DA:62,46
DA:63,46
DA:64,46
DA:65,46
DA:66,46
DA:67,46
DA:68,46
DA:69,46
DA:70,46
DA:71,46
DA:72,46
DA:73,46
DA:74,46
DA:75,46
DA:76,46
DA:77,46
DA:78,46
DA:81,46
DA:82,10
DA:84,46
DA:86,46
LF:48
LH:48
BRDA:31,0,0,46
BRDA:81,1,0,10
BRDA:42,2,0,43
BRDA:43,3,0,80
BRDA:44,4,0,117
BRDA:48,5,0,77
BRF:6
BRH:6
end_of_record
TN:
SF:src/components/LandscapeToolsButtons.tsx
FN:25,LandscapeToolsButtons
FN:28,handleToolClick
FN:45,onClick
FN:57,onClick
FN:69,onClick
FN:81,onClick
FN:93,onClick
FN:105,onClick
FN:117,onClick
FN:129,onClick
FN:141,onClick
FN:153,onClick
FN:165,onClick
FN:177,onClick
FN:189,onClick
FN:201,onClick
FN:213,onClick
FNF:17
FNH:9
FNDA:22,LandscapeToolsButtons
FNDA:9,handleToolClick
FNDA:2,onClick
FNDA:0,onClick
FNDA:2,onClick
FNDA:1,onClick
FNDA:0,onClick
FNDA:1,onClick
FNDA:0,onClick
FNDA:1,onClick
FNDA:0,onClick
FNDA:0,onClick
FNDA:0,onClick
FNDA:1,onClick
FNDA:0,onClick
FNDA:0,onClick
FNDA:1,onClick
DA:1,1
DA:25,1
DA:26,22
DA:28,22
DA:29,9
DA:30,9
DA:31,9
DA:32,9
DA:35,22
DA:36,2
DA:37,2
DA:39,20
DA:40,20
DA:41,20
DA:42,12
DA:43,12
DA:44,12
DA:45,12
DA:46,12
DA:48,12
DA:49,12
DA:50,12
DA:53,22
DA:54,12
DA:55,12
DA:56,12
DA:57,12
DA:58,12
DA:60,12
DA:61,12
DA:62,12
DA:65,22
DA:66,12
DA:67,12
DA:68,12
DA:69,12
DA:70,12
DA:72,12
DA:73,12
DA:74,12
DA:77,22
DA:78,12
DA:79,12
DA:80,12
DA:81,12
DA:82,12
DA:84,12
DA:85,12
DA:86,12
DA:89,22
DA:90,12
DA:91,12
DA:92,12
DA:93,12
DA:94,12
DA:96,12
DA:97,12
DA:98,12
DA:101,22
DA:102,12
DA:103,12
DA:104,12
DA:105,12
DA:106,12
DA:108,12
DA:109,12
DA:110,12
DA:113,22
DA:114,11
DA:115,11
DA:116,11
DA:117,11
DA:118,11
DA:120,11
DA:121,11
DA:122,11
DA:125,22
DA:126,13
DA:127,13
DA:128,13
DA:129,13
DA:130,13
DA:132,13
DA:133,13
DA:134,13
DA:137,22
DA:138,12
DA:139,12
DA:140,12
DA:141,12
DA:142,12
DA:144,12
DA:145,12
DA:146,12
DA:149,22
DA:150,12
DA:151,12
DA:152,12
DA:153,12
DA:154,12
DA:156,12
DA:157,12
DA:158,12
DA:161,22
DA:162,12
DA:163,12
DA:164,12
DA:165,12
DA:166,12
DA:168,12
DA:169,12
DA:170,12
DA:173,22
DA:174,13
DA:175,13
DA:176,13
DA:177,13
DA:178,13
DA:180,13
DA:181,13
DA:182,13
DA:185,22
DA:186,12
DA:187,12
DA:188,12
DA:189,12
DA:190,12
DA:192,12
DA:193,12
DA:194,12
DA:197,22
DA:198,11
DA:199,11
DA:200,11
DA:201,11
DA:202,11
DA:204,11
DA:205,11
DA:206,11
DA:209,22
DA:210,13
DA:211,13
DA:212,13
DA:213,13
DA:214,13
DA:216,13
DA:217,13
DA:218,13
DA:220,22
DA:222,22
LF:150
LH:150
BRDA:25,0,0,22
BRDA:35,1,0,2
BRDA:37,2,0,20
BRDA:41,3,0,12
BRDA:53,4,0,12
BRDA:65,5,0,12
BRDA:77,6,0,12
BRDA:89,7,0,12
BRDA:101,8,0,12
BRDA:113,9,0,11
BRDA:125,10,0,13
BRDA:137,11,0,12
BRDA:149,12,0,12
BRDA:161,13,0,12
BRDA:173,14,0,13
BRDA:185,15,0,12
BRDA:197,16,0,11
BRDA:209,17,0,13
BRDA:28,18,0,9
BRDA:45,19,0,2
BRDA:69,20,0,2
BRDA:81,21,0,1
BRDA:105,22,0,1
BRDA:129,23,0,1
BRDA:177,24,0,1
BRDA:213,25,0,1
BRF:26
BRH:26
end_of_record
TN:
SF:src/components/NotificationModal.tsx
FN:26,NotificationModal
FN:35,handleMarkAllRead
FNF:2
FNH:2
FNDA:38,NotificationModal
FNDA:1,handleMarkAllRead
DA:1,1
DA:26,1
DA:27,38
DA:28,38
DA:29,38
DA:30,38
DA:31,38
DA:32,38
DA:33,38
DA:35,38
DA:36,1
DA:37,1
DA:39,38
DA:40,38
DA:41,38
DA:43,38
DA:44,38
DA:45,38
DA:47,38
DA:48,26
DA:49,26
DA:50,26
DA:52,38
DA:55,38
DA:57,38
DA:58,38
DA:59,30
DA:60,30
DA:61,26
DA:62,26
DA:63,26
DA:64,26
DA:65,26
DA:66,26
DA:68,26
DA:70,26
DA:71,26
DA:74,30
DA:75,30
DA:76,30
DA:77,30
DA:78,30
DA:79,30
DA:80,30
DA:81,30
DA:82,30
DA:83,30
DA:84,30
DA:85,30
DA:86,30
DA:87,30
DA:88,114
DA:90,114
DA:91,33
DA:92,81
DA:94,114
DA:96,114
DA:97,114
DA:98,114
DA:99,114
DA:101,114
DA:102,114
DA:103,114
DA:104,114
DA:105,114
DA:106,114
DA:107,114
DA:108,114
DA:109,114
DA:110,114
DA:111,114
DA:112,114
DA:113,114
DA:114,114
DA:115,57
DA:117,57
DA:119,57
DA:121,114
DA:122,114
DA:124,30
DA:125,30
DA:126,30
DA:127,30
DA:128,30
DA:129,30
DA:132,8
DA:133,8
DA:134,8
DA:135,8
DA:136,8
DA:137,8
DA:138,8
DA:140,8
DA:141,8
DA:142,8
DA:144,38
DA:145,38
DA:146,38
DA:148,38
LF:99
LH:99
BRDA:26,0,0,38
BRDA:47,1,0,26
BRDA:58,2,0,30
BRDA:60,3,0,26
BRDA:129,4,0,8
BRDA:35,5,0,1
BRDA:87,6,0,114
BRDA:88,7,0,1
BRDA:90,8,0,33
BRDA:91,9,0,81
BRDA:99,10,0,57
BRDA:99,11,0,57
BRDA:114,12,0,57
BRDA:117,13,0,57
BRF:14
BRH:14
end_of_record
TN:
SF:src/components/NotificationPopup.tsx
FN:25,NotificationPopup
FN:37,handleClickOutside
FN:54,handleEscapeKey
FN:69,handleMarkAllRead
FNF:4
FNH:4
FNDA:13,NotificationPopup
FNDA:2,handleClickOutside
FNDA:1,handleEscapeKey
FNDA:1,handleMarkAllRead
DA:1,1
DA:25,1
DA:26,13
DA:27,13
DA:28,13
DA:29,13
DA:30,13
DA:31,13
DA:32,13
DA:33,13
DA:36,13
DA:37,13
DA:38,2
DA:39,1
DA:40,1
DA:41,2
DA:43,13
DA:44,12
DA:45,12
DA:47,13
DA:48,13
DA:49,13
DA:50,13
DA:53,13
DA:54,13
DA:55,1
DA:56,1
DA:57,1
DA:58,1
DA:60,13
DA:61,12
DA:62,12
DA:64,13
DA:65,13
DA:66,13
DA:67,13
DA:69,13
DA:70,1
DA:71,1
DA:73,13
DA:75,12
DA:76,12
DA:77,12
DA:78,12
DA:79,12
DA:80,12
DA:81,12
DA:82,12
DA:83,12
DA:84,12
DA:85,12
DA:86,12
DA:87,12
DA:88,12
DA:91,12
DA:92,12
DA:93,12
DA:94,12
DA:95,12
DA:96,11
DA:97,11
DA:98,11
DA:100,13
DA:102,13
DA:103,13
DA:104,11
DA:105,11
DA:106,11
DA:107,11
DA:108,11
DA:109,11
DA:111,11
DA:113,13
DA:114,13
DA:115,13
DA:116,13
DA:117,13
DA:119,13
DA:120,13
DA:121,13
DA:122,13
DA:125,13
DA:126,13
DA:127,11
DA:128,11
DA:129,21
DA:130,21
DA:131,10
DA:132,11
DA:133,21
DA:134,21
DA:136,21
DA:137,21
DA:138,21
DA:139,21
DA:140,21
DA:141,21
DA:142,21
DA:144,21
DA:145,21
DA:146,21
DA:147,21
DA:148,21
DA:149,21
DA:150,21
DA:151,21
DA:152,21
DA:153,21
DA:154,12
DA:156,21
DA:158,21
DA:159,21
DA:160,21
DA:162,21
DA:163,21
DA:164,21
DA:165,21
DA:167,0
DA:169,21
DA:170,21
DA:171,10
DA:172,10
DA:173,10
DA:175,21
DA:176,21
DA:178,21
DA:179,21
DA:180,9
DA:182,12
DA:184,12
DA:186,21
DA:187,21
DA:188,21
DA:190,11
DA:191,11
DA:194,1
DA:195,1
DA:196,1
DA:197,1
DA:198,1
DA:200,1
DA:201,1
DA:203,1
DA:204,1
DA:206,13
DA:208,13
DA:209,11
DA:210,11
DA:211,11
DA:212,11
DA:213,11
DA:214,11
DA:215,11
DA:217,11
DA:218,11
DA:220,13
DA:221,13
DA:223,13
LF:158
LH:157
BRDA:25,0,0,13
BRDA:73,1,0,1
BRDA:73,2,0,12
BRDA:95,3,0,11
BRDA:103,4,0,11
BRDA:126,5,0,11
BRDA:191,6,0,1
BRDA:208,7,0,11
BRDA:36,8,0,13
BRDA:43,9,0,12
BRDA:37,10,0,2
BRDA:38,11,0,1
BRDA:47,12,0,13
BRDA:53,13,0,13
BRDA:60,14,0,12
BRDA:54,15,0,1
BRDA:64,16,0,13
BRDA:69,17,0,1
BRDA:128,18,0,21
BRDA:129,19,0,1
BRDA:130,20,0,10
BRDA:131,21,0,11
BRDA:141,22,0,12
BRDA:149,23,0,12
BRDA:153,24,0,12
BRDA:165,25,0,0
BRDA:170,26,0,10
BRDA:179,27,0,9
BRDA:180,28,0,12
BRF:29
BRH:28
end_of_record
TN:
SF:src/components/OnDutyPage.tsx
FN:13,YearPicker
FN:16,onClick
FN:18,onChange
FN:20,onClick
FN:25,OnDutyPage
FN:44,addOnCallRow
FN:52,updateOnCall
FN:56,dateMid
FN:65,splitOnCallRow
FN:74,deleteOnCallRow
FN:78,addOnDutyRow
FN:84,updateOnDuty
FN:87,deleteOnDuty
FN:91,handleUploadConfirm
FN:125,onClick
FN:136,onClick
FN:149,onClick
FN:160,onClick
FN:188,onChange
FN:191,onValueChange
FN:203,onClick
FN:234,onChange
FN:237,onChange
FN:240,onValueChange
FN:251,onValueChange
FN:263,onChange
FN:266,onClick
FN:269,onClick
FNF:28
FNH:9
FNDA:24,YearPicker
FNDA:1,onClick
FNDA:1,onChange
FNDA:1,onClick
FNDA:24,OnDutyPage
FNDA:1,addOnCallRow
FNDA:0,updateOnCall
FNDA:0,dateMid
FNDA:0,splitOnCallRow
FNDA:0,deleteOnCallRow
FNDA:1,addOnDutyRow
FNDA:1,updateOnDuty
FNDA:0,deleteOnDuty
FNDA:0,handleUploadConfirm
FNDA:0,onClick
FNDA:0,onClick
FNDA:0,onClick
FNDA:0,onClick
FNDA:1,onChange
FNDA:0,onValueChange
FNDA:0,onClick
FNDA:0,onChange
FNDA:0,onChange
FNDA:0,onValueChange
FNDA:0,onValueChange
FNDA:0,onChange
FNDA:0,onClick
FNDA:0,onClick
DA:1,1
DA:13,24
DA:14,24
DA:15,24
DA:16,24
DA:17,24
DA:18,24
DA:19,24
DA:20,24
DA:21,24
DA:23,24
DA:25,24
DA:26,24
DA:27,24
DA:28,24
DA:29,24
DA:30,24
DA:31,24
DA:32,24
DA:33,24
DA:35,24
DA:38,24
DA:39,24
DA:40,24
DA:42,24
DA:44,24
DA:45,1
DA:46,1
DA:47,1
DA:48,1
DA:49,1
DA:50,1
DA:52,24
DA:53,0
DA:54,0
DA:56,24
DA:57,0
DA:58,0
DA:59,0
DA:60,0
DA:61,0
DA:62,0
DA:63,0
DA:65,24
DA:66,0
DA:67,0
DA:68,0
DA:69,0
DA:70,0
DA:71,0
DA:72,0
DA:74,24
DA:75,0
DA:76,0
DA:78,24
DA:79,1
DA:80,1
DA:81,1
DA:82,1
DA:83,1
DA:84,24
DA:85,1
DA:86,1
DA:87,24
DA:88,0
DA:89,0
DA:91,24
DA:92,0
DA:93,0
DA:94,0
DA:95,0
DA:96,0
DA:97,0
DA:98,0
DA:99,0
DA:101,24
DA:102,24
DA:103,24
DA:104,24
DA:105,24
DA:106,24
DA:108,24
DA:109,24
DA:110,24
DA:111,24
DA:112,24
DA:113,24
DA:114,24
DA:115,24
DA:116,24
DA:117,24
DA:118,24
DA:119,19
DA:120,19
DA:121,19
DA:122,19
DA:123,19
DA:124,19
DA:125,19
DA:126,19
DA:127,19
DA:128,19
DA:129,19
DA:130,19
DA:131,19
DA:132,19
DA:133,19
DA:134,19
DA:135,19
DA:136,19
DA:137,19
DA:138,19
DA:139,19
DA:140,19
DA:141,19
DA:143,5
DA:144,5
DA:145,5
DA:146,5
DA:147,5
DA:148,5
DA:149,5
DA:150,5
DA:151,5
DA:152,5
DA:153,5
DA:154,5
DA:155,5
DA:156,5
DA:157,5
DA:158,5
DA:159,5
DA:160,5
DA:161,5
DA:162,5
DA:163,5
DA:164,5
DA:165,5
DA:167,24
DA:168,24
DA:169,24
DA:170,24
DA:171,19
DA:172,19
DA:173,19
DA:174,19
DA:175,19
DA:176,19
DA:177,19
DA:178,19
DA:179,19
DA:180,19
DA:181,19
DA:182,19
DA:183,19
DA:184,19
DA:185,19
DA:186,33
DA:187,33
DA:188,33
DA:189,33
DA:190,33
DA:191,33
DA:192,33
DA:193,33
DA:194,33
DA:195,33
DA:196,33
DA:197,66
DA:198,33
DA:199,33
DA:200,33
DA:201,33
DA:202,33
DA:203,33
DA:204,33
DA:205,33
DA:206,33
DA:207,33
DA:208,19
DA:209,19
DA:210,19
DA:211,19
DA:212,19
DA:214,5
DA:215,5
DA:216,5
DA:217,5
DA:218,5
DA:219,5
DA:220,5
DA:221,5
DA:222,5
DA:223,5
DA:224,5
DA:225,5
DA:226,5
DA:227,5
DA:228,5
DA:229,5
DA:230,5
DA:231,5
DA:232,10
DA:233,10
DA:234,10
DA:235,10
DA:236,10
DA:237,10
DA:238,10
DA:239,10
DA:240,10
DA:241,10
DA:242,10
DA:243,10
DA:244,10
DA:245,10
DA:246,10
DA:247,10
DA:248,10
DA:249,10
DA:250,10
DA:251,10
DA:252,10
DA:253,10
DA:254,10
DA:255,10
DA:256,10
DA:257,20
DA:258,10
DA:259,10
DA:260,10
DA:261,10
DA:262,10
DA:263,10
DA:264,10
DA:265,10
DA:266,10
DA:267,10
DA:268,10
DA:269,10
DA:270,10
DA:271,10
DA:272,10
DA:273,10
DA:274,5
DA:275,5
DA:276,5
DA:277,5
DA:278,5
DA:280,24
DA:281,24
DA:282,24
DA:283,24
DA:285,24
LF:254
LH:226
BRDA:13,0,0,24
BRDA:16,1,0,1
BRDA:18,2,0,1
BRDA:18,3,0,0
BRDA:20,4,0,1
BRDA:25,5,0,24
BRDA:111,6,0,5
BRDA:111,7,0,19
BRDA:118,8,0,19
BRDA:141,9,0,5
BRDA:170,10,0,19
BRDA:212,11,0,5
BRDA:42,12,0,19
BRDA:44,13,0,1
BRDA:49,14,0,0
BRDA:49,15,0,0
BRDA:78,16,0,1
BRDA:82,17,0,0
BRDA:82,18,0,0
BRDA:84,19,0,1
BRDA:85,20,0,2
BRDA:85,21,0,1
BRDA:85,22,0,1
BRDA:185,23,0,33
BRDA:188,24,0,1
BRDA:196,25,0,66
BRDA:231,26,0,10
BRDA:256,27,0,20
BRF:28
BRH:23
end_of_record
TN:
SF:src/components/Ops2goLandscapeInfo.tsx
FN:27,Ops2goLandscapeInfo
FNF:1
FNH:0
FNDA:0,Ops2goLandscapeInfo
DA:1,1
DA:27,1
DA:28,0
DA:30,0
DA:31,0
DA:32,0
DA:33,0
DA:34,0
DA:35,0
DA:37,0
DA:38,0
DA:39,0
DA:40,0
DA:41,0
DA:42,0
DA:43,0
DA:44,0
DA:46,0
DA:48,0
DA:50,0
DA:51,0
DA:53,0
DA:54,0
DA:55,0
DA:56,0
DA:57,0
DA:58,0
DA:59,0
DA:60,0
DA:61,0
DA:62,0
DA:64,0
DA:69,0
DA:70,0
DA:71,0
DA:73,0
DA:74,0
DA:75,0
DA:76,0
DA:77,0
DA:78,0
DA:79,0
DA:80,0
DA:81,0
DA:82,0
DA:83,0
DA:84,0
DA:85,0
DA:86,0
DA:87,0
DA:89,0
DA:91,0
DA:92,0
DA:93,0
DA:94,0
DA:95,0
DA:96,0
DA:97,0
DA:99,0
DA:101,0
DA:102,0
DA:104,0
DA:105,0
DA:106,0
DA:108,0
DA:109,0
DA:110,0
DA:111,0
DA:112,0
DA:113,0
DA:114,0
DA:115,0
DA:116,0
DA:117,0
DA:119,0
DA:120,0
DA:121,0
DA:122,0
DA:124,0
DA:125,0
DA:127,0
DA:128,0
DA:129,0
DA:130,0
DA:131,0
DA:132,0
DA:133,0
DA:135,0
DA:137,0
DA:138,0
DA:140,0
DA:141,0
DA:143,0
DA:145,0
DA:146,0
DA:147,0
DA:148,0
DA:149,0
DA:150,0
DA:151,0
DA:152,0
DA:153,0
DA:154,0
DA:155,0
DA:156,0
DA:157,0
DA:159,0
DA:160,0
DA:162,0
DA:163,0
DA:165,0
DA:166,0
DA:169,0
DA:170,0
DA:171,0
DA:172,0
DA:173,0
DA:174,0
DA:175,0
DA:176,0
DA:177,0
DA:179,0
DA:180,0
DA:182,0
DA:183,0
DA:185,0
DA:186,0
DA:187,0
DA:188,0
DA:189,0
DA:190,0
DA:191,0
DA:193,0
DA:194,0
DA:196,0
DA:197,0
DA:200,0
DA:201,0
DA:202,0
DA:203,0
DA:204,0
DA:205,0
DA:206,0
DA:207,0
DA:208,0
DA:209,0
DA:210,0
DA:211,0
DA:212,0
DA:213,0
DA:214,0
DA:215,0
DA:216,0
DA:217,0
DA:219,0
DA:220,0
DA:222,0
DA:224,0
LF:158
LH:2
BRF:0
BRH:0
end_of_record
TN:
SF:src/components/PortalContainer.tsx
FN:26,PortalContainer
FN:46,getProjectFromPath
FN:82,handleProjectChange
FNF:3
FNH:3
FNDA:94,PortalContainer
FNDA:45,getProjectFromPath
FNDA:6,handleProjectChange
DA:1,1
DA:8,1
DA:9,1
DA:10,1
DA:11,1
DA:12,1
DA:13,1
DA:14,1
DA:15,1
DA:17,1
DA:18,1
DA:19,1
DA:20,1
DA:21,1
DA:22,1
DA:23,1
DA:24,1
DA:26,1
DA:27,94
DA:28,94
DA:30,94
DA:31,94
DA:32,94
DA:33,94
DA:36,94
DA:37,94
DA:39,94
DA:40,180
DA:41,180
DA:42,180
DA:43,94
DA:46,94
DA:48,45
DA:50,5
DA:51,5
DA:54,45
DA:55,70
DA:56,70
DA:57,9
DA:58,9
DA:59,70
DA:62,45
DA:63,21
DA:64,21
DA:67,45
DA:68,37
DA:69,8
DA:70,8
DA:71,37
DA:73,2
DA:74,45
DA:77,94
DA:78,45
DA:79,45
DA:80,94
DA:82,94
DA:84,6
DA:85,2
DA:86,2
DA:87,2
DA:88,2
DA:91,6
DA:92,6
DA:93,6
DA:94,6
DA:96,94
DA:97,94
DA:98,94
DA:99,94
DA:100,94
DA:101,94
DA:102,94
DA:103,94
DA:105,94
LF:74
LH:74
BRDA:26,0,0,94
BRDA:39,1,0,180
BRDA:41,2,0,2
BRDA:42,3,0,2
BRDA:46,4,0,45
BRDA:48,5,0,5
BRDA:48,6,0,5
BRDA:51,7,0,40
BRDA:54,8,0,70
BRDA:56,9,0,63
BRDA:56,10,0,9
BRDA:57,11,0,1
BRDA:59,12,0,31
BRDA:62,13,0,21
BRDA:64,14,0,10
BRDA:67,15,0,37
BRDA:68,16,0,27
BRDA:68,17,0,22
BRDA:68,18,0,8
BRDA:71,19,0,2
BRDA:77,20,0,45
BRDA:82,21,0,6
BRDA:84,22,0,2
BRDA:88,23,0,4
BRDA:91,24,0,1
BRF:25
BRH:25
end_of_record
TN:
SF:src/components/PortalContent.tsx
FN:17,PortalContent
FN:30,handleNotificationClick
FN:36,handleCloseNotificationPopup
FNF:3
FNH:3
FNDA:42,PortalContent
FNDA:3,handleNotificationClick
FNDA:1,handleCloseNotificationPopup
DA:1,1
DA:13,1
DA:17,1
DA:18,42
DA:19,42
DA:20,42
DA:21,42
DA:22,42
DA:23,42
DA:24,42
DA:27,42
DA:28,3
DA:30,42
DA:31,3
DA:33,3
DA:34,3
DA:36,42
DA:37,1
DA:38,1
DA:40,42
DA:41,42
DA:42,42
DA:44,42
DA:45,42
DA:46,42
DA:47,42
DA:48,42
DA:50,42
DA:51,42
DA:52,42
DA:53,42
DA:54,42
DA:55,42
DA:56,42
DA:57,42
DA:58,42
DA:59,42
DA:60,42
DA:62,42
DA:64,42
DA:65,42
DA:66,42
DA:67,42
DA:68,42
DA:71,42
DA:72,42
DA:73,42
DA:74,42
DA:76,42
DA:77,42
DA:78,42
DA:79,42
DA:80,42
DA:81,42
DA:82,42
DA:83,42
DA:84,42
DA:86,42
LF:58
LH:58
BRDA:17,0,0,42
BRDA:27,1,0,3
BRDA:28,2,0,2
BRDA:47,3,0,0
BRDA:71,4,0,2
BRDA:71,5,0,40
BRDA:30,6,0,3
BRDA:36,7,0,1
BRF:8
BRH:7
end_of_record
TN:
SF:src/components/ProjectLayout.tsx
FN:37,ProjectLayout
FN:191,getTabLabel
FN:241,handleToggleComponentExpansion
FN:260,handleComponentClick
FN:272,renderGenericTabContent
FN:436,onLandscapeChange
FN:437,onShowLandscapeDetails
FN:463,renderTabContent
FNF:8
FNH:4
FNDA:53,ProjectLayout
FNDA:125,getTabLabel
FNDA:0,handleToggleComponentExpansion
FNDA:0,handleComponentClick
FNDA:53,renderGenericTabContent
FNDA:0,onLandscapeChange
FNDA:0,onShowLandscapeDetails
FNDA:53,renderTabContent
DA:1,1
DA:37,1
DA:38,53
DA:39,53
DA:40,53
DA:41,53
DA:42,53
DA:43,53
DA:44,53
DA:45,53
DA:46,53
DA:47,53
DA:49,53
DA:50,53
DA:51,53
DA:52,53
DA:53,53
DA:54,53
DA:55,53
DA:58,53
DA:59,53
DA:61,53
DA:62,53
DA:64,53
DA:67,53
DA:68,53
DA:69,53
DA:70,53
DA:71,53
DA:72,53
DA:74,53
DA:75,53
DA:76,53
DA:77,53
DA:79,53
DA:82,53
DA:83,42
DA:84,53
DA:87,53
DA:88,43
DA:91,42
DA:92,42
DA:93,83
DA:94,83
DA:95,83
DA:96,83
DA:97,83
DA:98,42
DA:99,42
DA:100,53
DA:102,53
DA:103,43
DA:104,83
DA:105,83
DA:106,83
DA:107,83
DA:108,83
DA:109,83
DA:110,83
DA:111,43
DA:112,53
DA:116,53
DA:117,43
DA:118,43
DA:119,53
DA:122,53
DA:123,42
DA:125,39
DA:126,39
DA:127,39
DA:128,42
DA:129,1
DA:130,0
DA:131,42
DA:132,53
DA:135,53
DA:136,43
DA:137,53
DA:139,53
DA:140,42
DA:141,53
DA:144,53
DA:145,43
DA:146,41
DA:147,53
DA:150,53
DA:151,53
DA:152,53
DA:153,53
DA:154,53
DA:155,53
DA:156,53
DA:157,53
DA:158,53
DA:159,53
DA:162,53
DA:163,42
DA:164,41
DA:165,41
DA:166,42
DA:167,53
DA:170,53
DA:171,42
DA:172,42
DA:173,41
DA:174,81
DA:175,41
DA:176,41
DA:177,42
DA:178,53
DA:180,53
DA:181,42
DA:182,42
DA:183,41
DA:184,81
DA:185,41
DA:186,41
DA:187,42
DA:188,53
DA:191,53
DA:192,125
DA:193,125
DA:196,53
DA:197,42
DA:198,125
DA:199,125
DA:200,42
DA:201,53
DA:204,53
DA:205,42
DA:206,53
DA:209,53
DA:210,48
DA:211,6
DA:212,6
DA:213,53
DA:216,53
DA:217,48
DA:218,6
DA:219,6
DA:220,53
DA:223,53
DA:224,43
DA:226,41
DA:227,41
DA:228,0
DA:231,41
DA:232,41
DA:233,41
DA:234,41
DA:235,41
DA:236,41
DA:237,41
DA:238,53
DA:241,53
DA:242,0
DA:243,0
DA:244,0
DA:245,0
DA:246,0
DA:248,53
DA:250,43
DA:251,42
DA:252,42
DA:255,1
DA:256,2
DA:257,1
DA:258,53
DA:260,53
DA:261,0
DA:262,0
DA:264,53
DA:265,0
DA:266,53
DA:268,53
DA:269,0
DA:270,53
DA:272,53
DA:273,53
DA:274,53
DA:275,45
DA:276,45
DA:278,45
DA:279,45
DA:280,45
DA:281,45
DA:282,45
DA:283,45
DA:284,45
DA:285,45
DA:288,45
DA:289,43
DA:290,43
DA:291,43
DA:292,43
DA:293,43
DA:294,43
DA:295,37
DA:296,37
DA:297,37
DA:299,43
DA:300,43
DA:301,43
DA:302,40
DA:303,40
DA:304,40
DA:305,43
DA:306,43
DA:307,43
DA:309,43
DA:310,37
DA:311,37
DA:312,37
DA:313,37
DA:314,37
DA:315,37
DA:316,37
DA:317,37
DA:318,37
DA:319,37
DA:320,37
DA:321,37
DA:322,37
DA:323,37
DA:324,37
DA:325,37
DA:326,37
DA:327,37
DA:328,37
DA:329,37
DA:330,37
DA:331,37
DA:332,37
DA:333,37
DA:334,37
DA:335,37
DA:336,37
DA:337,37
DA:338,37
DA:339,37
DA:341,6
DA:342,6
DA:343,6
DA:344,1
DA:345,5
DA:346,6
DA:347,6
DA:349,43
DA:350,43
DA:352,2
DA:353,2
DA:354,2
DA:355,2
DA:356,2
DA:357,2
DA:358,2
DA:359,2
DA:360,2
DA:362,2
DA:363,2
DA:364,2
DA:365,2
DA:366,2
DA:367,2
DA:368,2
DA:369,2
DA:370,2
DA:372,2
DA:373,2
DA:374,2
DA:375,2
DA:376,2
DA:377,2
DA:378,2
DA:379,2
DA:380,2
DA:381,2
DA:382,2
DA:383,2
DA:384,2
DA:385,2
DA:386,2
DA:388,2
DA:389,2
DA:390,2
DA:391,2
DA:392,2
DA:393,2
DA:394,2
DA:395,2
DA:396,2
DA:397,2
DA:399,0
DA:400,0
DA:401,0
DA:402,0
DA:403,0
DA:404,0
DA:405,0
DA:406,0
DA:407,0
DA:409,2
DA:410,2
DA:412,45
DA:414,53
DA:415,5
DA:416,5
DA:417,5
DA:418,5
DA:419,5
DA:420,5
DA:421,5
DA:422,5
DA:423,5
DA:424,5
DA:425,5
DA:426,5
DA:427,5
DA:428,5
DA:429,5
DA:431,5
DA:432,5
DA:433,5
DA:434,5
DA:435,5
DA:436,5
DA:437,5
DA:438,5
DA:439,5
DA:440,5
DA:442,53
DA:443,2
DA:444,2
DA:445,2
DA:446,2
DA:447,2
DA:448,2
DA:450,53
DA:451,0
DA:452,0
DA:453,0
DA:454,0
DA:455,0
DA:456,0
DA:458,53
DA:459,1
DA:460,53
DA:461,53
DA:463,53
DA:464,53
DA:465,53
DA:467,53
DA:468,53
DA:469,53
DA:470,53
DA:471,53
DA:473,53
LF:357
LH:331
BRDA:37,0,0,53
BRDA:157,1,0,51
BRDA:157,2,0,50
BRDA:82,3,0,42
BRDA:83,4,0,2
BRDA:87,5,0,43
BRDA:88,6,0,1
BRDA:88,7,0,42
BRDA:92,8,0,83
BRDA:93,9,0,0
BRDA:102,10,0,43
BRDA:103,11,0,83
BRDA:106,12,0,83
BRDA:109,13,0,43
BRDA:116,14,0,43
BRDA:117,15,0,42
BRDA:117,16,0,2
BRDA:117,17,0,41
BRDA:118,18,0,1
BRDA:118,19,0,41
BRDA:122,20,0,42
BRDA:123,21,0,3
BRDA:123,22,0,39
BRDA:128,23,0,38
BRDA:128,24,0,1
BRDA:129,25,0,0
BRDA:135,26,0,43
BRDA:136,27,0,42
BRDA:139,28,0,42
BRDA:140,29,0,39
BRDA:140,30,0,3
BRDA:144,31,0,43
BRDA:145,32,0,42
BRDA:145,33,0,2
BRDA:145,34,0,41
BRDA:146,35,0,42
BRDA:162,36,0,42
BRDA:163,37,0,41
BRDA:170,38,0,42
BRDA:172,39,0,41
BRDA:172,40,0,41
BRDA:173,41,0,81
BRDA:174,42,0,0
BRDA:180,43,0,42
BRDA:182,44,0,41
BRDA:182,45,0,41
BRDA:183,46,0,81
BRDA:184,47,0,80
BRDA:191,48,0,125
BRDA:196,49,0,42
BRDA:197,50,0,125
BRDA:204,51,0,42
BRDA:209,52,0,48
BRDA:210,53,0,12
BRDA:210,54,0,6
BRDA:216,55,0,48
BRDA:217,56,0,12
BRDA:217,57,0,6
BRDA:223,58,0,43
BRDA:224,59,0,42
BRDA:224,60,0,41
BRDA:227,61,0,0
BRDA:248,62,0,43
BRDA:250,63,0,1
BRDA:250,64,0,42
BRDA:252,65,0,1
BRDA:255,66,0,2
BRDA:272,67,0,53
BRDA:274,68,0,45
BRDA:288,69,0,43
BRDA:294,70,0,42
BRDA:294,71,0,37
BRDA:301,72,0,40
BRDA:309,73,0,42
BRDA:309,74,0,37
BRDA:339,75,0,6
BRDA:343,76,0,1
BRDA:344,77,0,5
BRDA:350,78,0,2
BRDA:391,79,0,0
BRDA:397,80,0,0
BRDA:414,81,0,5
BRDA:442,82,0,2
BRDA:450,83,0,0
BRDA:458,84,0,1
BRDA:463,85,0,53
BRF:86
BRH:79
end_of_record
TN:
SF:src/components/ProtectedRoute.tsx
FN:9,ProtectedRoute
FNF:1
FNH:1
FNDA:39,ProtectedRoute
DA:1,1
DA:2,1
DA:3,1
DA:9,1
DA:10,39
DA:11,39
DA:13,39
DA:14,10
DA:15,10
DA:16,10
DA:17,10
DA:18,10
DA:19,10
DA:20,10
DA:22,10
DA:24,39
DA:26,13
DA:27,13
DA:29,16
DA:30,16
DA:32,1
LF:21
LH:21
BRDA:9,0,0,39
BRDA:13,1,0,10
BRDA:22,2,0,29
BRDA:24,3,0,13
BRDA:27,4,0,16
BRF:5
BRH:5
end_of_record
TN:
SF:src/components/QuickFilterButtons.tsx
FN:19,QuickFilterButtons
FN:33,onClick
FNF:2
FNH:2
FNDA:11,QuickFilterButtons
FNDA:5,onClick
DA:1,1
DA:19,11
DA:20,11
DA:21,11
DA:22,11
DA:23,11
DA:24,11
DA:25,11
DA:26,11
DA:27,11
DA:28,28
DA:29,28
DA:30,28
DA:31,28
DA:32,28
DA:33,28
DA:34,28
DA:35,28
DA:37,28
DA:38,28
DA:39,28
DA:42,28
DA:43,6
DA:44,6
DA:45,6
DA:46,6
DA:47,6
DA:48,6
DA:49,6
DA:50,6
DA:51,6
DA:52,6
DA:53,6
DA:55,6
DA:57,22
DA:58,11
DA:59,11
DA:60,11
DA:62,11
LF:39
LH:39
BRDA:19,0,0,11
BRDA:27,1,0,28
BRDA:31,2,0,8
BRDA:31,3,0,20
BRDA:42,4,0,6
BRDA:55,5,0,22
BRDA:33,6,0,5
BRF:7
BRH:7
end_of_record
TN:
SF:src/components/SmallCardsBlock.tsx
FN:20,SmallCardsBlock
FN:45,SmallCard
FN:46,getValueClass
FNF:3
FNH:3
FNDA:55,SmallCardsBlock
FNDA:89,SmallCard
FNDA:89,getValueClass
DA:1,1
DA:20,55
DA:22,55
DA:23,1
DA:24,54
DA:26,55
DA:27,55
DA:28,55
DA:29,55
DA:30,89
DA:31,89
DA:32,89
DA:33,89
DA:34,89
DA:35,89
DA:36,89
DA:37,89
DA:38,89
DA:39,55
DA:40,55
DA:41,55
DA:43,55
DA:45,89
DA:46,89
DA:47,89
DA:48,89
DA:49,79
DA:50,89
DA:52,89
DA:53,89
DA:54,89
DA:55,89
DA:56,89
DA:57,89
DA:58,19
DA:59,19
DA:60,19
DA:61,19
DA:62,19
DA:63,19
DA:64,19
DA:65,19
DA:67,89
DA:68,89
DA:69,89
DA:70,89
DA:71,89
DA:72,19
DA:73,19
DA:74,19
DA:76,89
DA:77,89
DA:79,89
LF:53
LH:53
BRDA:20,0,0,55
BRDA:22,1,0,1
BRDA:23,2,0,54
BRDA:29,3,0,89
BRDA:45,4,0,89
BRDA:57,5,0,19
BRDA:71,6,0,19
BRDA:46,7,0,89
BRDA:47,8,0,5
BRDA:47,9,0,84
BRDA:48,10,0,5
BRDA:48,11,0,79
BRF:12
BRH:12
end_of_record
TN:
SF:src/components/TablePagination.tsx
FN:11,TablePagination
FN:18,handlePrevious
FN:22,handleNext
FNF:3
FNH:1
FNDA:1,TablePagination
FNDA:0,handlePrevious
FNDA:0,handleNext
DA:1,1
DA:11,1
DA:12,1
DA:13,1
DA:14,1
DA:15,1
DA:16,1
DA:17,1
DA:18,1
DA:19,0
DA:20,0
DA:22,1
DA:23,0
DA:24,0
DA:26,1
DA:27,1
DA:28,1
DA:29,1
DA:30,1
DA:31,1
DA:32,1
DA:34,0
DA:36,1
DA:37,1
DA:38,1
DA:39,1
DA:40,1
DA:41,1
DA:42,1
DA:43,1
DA:45,1
DA:46,1
DA:47,1
DA:48,1
DA:49,1
DA:50,1
DA:51,1
DA:53,1
DA:54,1
DA:55,1
DA:57,1
LF:41
LH:36
BRDA:11,0,0,1
BRDA:32,1,0,0
BRF:2
BRH:1
end_of_record
TN:
SF:src/components/TeamSelectorBar.tsx
FN:12,TeamSelectorBar
FNF:1
FNH:1
FNDA:45,TeamSelectorBar
DA:1,1
DA:12,1
DA:13,45
DA:14,45
DA:15,45
DA:16,45
DA:17,45
DA:18,45
DA:19,45
DA:20,2
DA:21,2
DA:23,42
DA:24,42
DA:25,42
DA:26,42
DA:27,42
DA:28,45
DA:29,45
DA:31,45
DA:32,45
DA:33,45
DA:34,45
DA:36,45
DA:37,14
DA:39,45
DA:40,123
DA:41,123
DA:42,123
DA:43,45
DA:44,45
DA:45,45
DA:46,45
DA:47,45
DA:49,45
LF:34
LH:34
BRDA:12,0,0,45
BRDA:19,1,0,2
BRDA:21,2,0,42
BRDA:28,3,0,14
BRDA:28,4,0,28
BRDA:36,5,0,14
BRDA:39,6,0,123
BRF:7
BRH:7
end_of_record
TN:
SF:src/components/UserInformationSettings.tsx
FN:11,UserInformationSettings
FNF:1
FNH:1
FNDA:8,UserInformationSettings
DA:1,1
DA:11,8
DA:12,8
DA:13,8
DA:14,8
DA:15,8
DA:16,8
DA:18,8
DA:19,8
DA:21,8
DA:22,8
DA:23,8
DA:24,8
DA:27,8
DA:28,8
DA:29,8
DA:30,8
DA:32,8
DA:33,8
DA:35,8
DA:36,8
DA:37,8
DA:38,8
DA:39,8
DA:40,8
DA:41,8
DA:43,8
DA:44,8
DA:45,8
DA:46,8
DA:47,8
DA:48,8
DA:50,8
DA:51,8
DA:52,8
DA:53,8
DA:54,8
DA:55,8
DA:57,8
DA:58,8
DA:59,8
DA:60,8
DA:61,8
DA:62,8
DA:63,8
DA:64,8
DA:65,8
DA:67,8
LF:48
LH:48
BRDA:11,0,0,8
BRF:1
BRH:1
end_of_record
TN:
SF:src/components/ViewSwitcher.tsx
FN:9,ViewSwitcher
FN:15,onClick
FN:24,onClick
FNF:3
FNH:3
FNDA:44,ViewSwitcher
FNDA:9,onClick
FNDA:13,onClick
DA:1,1
DA:9,1
DA:10,44
DA:11,44
DA:12,44
DA:13,44
DA:14,44
DA:15,44
DA:16,44
DA:17,44
DA:19,44
DA:20,44
DA:21,44
DA:22,44
DA:23,44
DA:24,44
DA:25,44
DA:26,44
DA:28,44
DA:29,44
DA:30,44
DA:32,44
LF:22
LH:22
BRDA:9,0,0,44
BRDA:13,1,0,34
BRDA:13,2,0,10
BRDA:22,3,0,10
BRDA:22,4,0,34
BRDA:15,5,0,9
BRDA:24,6,0,13
BRF:7
BRH:7
end_of_record
TN:
SF:src/components/multi-select.tsx
FN:25,MultiSelect
FN:36,handleSelect
FN:48,handleRemove
FN:93,onSelect
FN:98,onChange
FN:117,MultiSelectWithBadges
FN:128,handleRemove
FN:158,onKeyDown
FN:163,onMouseDown
FN:167,onClick
FNF:10
FNH:8
FNDA:43,MultiSelect
FNDA:4,handleSelect
FNDA:0,handleRemove
FNDA:4,onSelect
FNDA:0,onChange
FNDA:10,MultiSelectWithBadges
FNDA:4,handleRemove
FNDA:1,onKeyDown
FNDA:2,onMouseDown
FNDA:3,onClick
DA:1,1
DA:25,1
DA:26,43
DA:27,43
DA:28,43
DA:29,43
DA:30,43
DA:31,43
DA:32,43
DA:33,43
DA:34,43
DA:36,43
DA:37,4
DA:38,1
DA:39,1
DA:40,1
DA:42,3
DA:43,1
DA:44,2
DA:45,4
DA:46,4
DA:48,43
DA:49,0
DA:50,0
DA:51,0
DA:52,0
DA:53,0
DA:54,0
DA:56,43
DA:57,43
DA:58,28
DA:59,28
DA:61,21
DA:62,13
DA:63,13
DA:65,2
DA:66,43
DA:68,43
DA:69,43
DA:70,43
DA:71,43
DA:72,43
DA:73,43
DA:74,43
DA:75,43
DA:76,43
DA:78,43
DA:79,43
DA:80,43
DA:81,43
DA:82,43
DA:83,43
DA:84,43
DA:85,43
DA:86,43
DA:87,43
DA:88,43
DA:89,43
DA:90,43
DA:91,120
DA:92,120
DA:93,120
DA:94,120
DA:96,120
DA:97,120
DA:98,120
DA:99,120
DA:100,120
DA:101,120
DA:102,120
DA:103,43
DA:104,43
DA:105,43
DA:106,43
DA:107,43
DA:108,43
DA:110,43
DA:117,1
DA:118,10
DA:119,10
DA:120,10
DA:121,10
DA:122,10
DA:123,10
DA:124,10
DA:125,10
DA:126,10
DA:127,10
DA:128,10
DA:129,4
DA:130,4
DA:131,4
DA:132,4
DA:134,10
DA:135,10
DA:136,10
DA:137,10
DA:138,10
DA:139,10
DA:140,10
DA:141,10
DA:142,10
DA:143,10
DA:144,10
DA:145,10
DA:146,8
DA:147,8
DA:148,12
DA:149,12
DA:150,12
DA:151,12
DA:152,12
DA:153,12
DA:155,12
DA:156,12
DA:157,12
DA:158,12
DA:159,1
DA:160,1
DA:161,1
DA:162,1
DA:163,12
DA:164,2
DA:165,2
DA:166,2
DA:167,12
DA:169,12
DA:170,12
DA:171,12
DA:173,8
DA:174,8
DA:176,10
DA:178,10
LF:133
LH:127
BRDA:25,0,0,43
BRDA:36,1,0,4
BRDA:37,2,0,1
BRDA:40,3,0,3
BRDA:42,4,0,1
BRDA:43,5,0,2
BRDA:43,6,0,1
BRDA:56,7,0,43
BRDA:57,8,0,22
BRDA:57,9,0,28
BRDA:59,10,0,21
BRDA:59,11,0,15
BRDA:61,12,0,13
BRDA:63,13,0,2
BRDA:90,14,0,120
BRDA:97,15,0,61
BRDA:93,16,0,4
BRDA:117,17,0,10
BRDA:145,18,0,9
BRDA:145,19,0,9
BRDA:145,20,0,8
BRDA:128,21,0,4
BRDA:131,22,0,1
BRDA:129,23,0,6
BRDA:147,24,0,12
BRDA:155,25,0,11
BRDA:155,26,0,1
BRDA:148,27,0,18
BRDA:158,28,0,1
BRDA:163,29,0,2
BRDA:167,30,0,3
BRF:31
BRH:31
end_of_record
TN:
SF:src/components/AILaunchpad/AuthDialog.tsx
FN:23,AuthDialog
FN:39,handleInputChange
FN:44,handleSubmit
FN:80,toggleSecretVisibility
FN:84,parseJsonCredentials
FN:165,onChange
FN:203,onChange
FN:216,onChange
FN:225,onClick
FN:242,onChange
FN:254,onChange
FN:263,onClick
FNF:12
FNH:11
FNDA:162,AuthDialog
FNDA:148,handleInputChange
FNDA:3,handleSubmit
FNDA:1,toggleSecretVisibility
FNDA:1,parseJsonCredentials
FNDA:1,onChange
FNDA:33,onChange
FNDA:38,onChange
FNDA:1,onClick
FNDA:77,onChange
FNDA:0,onChange
FNDA:1,onClick
DA:1,1
DA:23,1
DA:24,162
DA:25,162
DA:26,162
DA:27,162
DA:28,162
DA:29,162
DA:30,162
DA:31,162
DA:32,162
DA:33,162
DA:34,162
DA:36,162
DA:37,162
DA:39,162
DA:40,148
DA:41,148
DA:42,148
DA:44,162
DA:45,3
DA:46,3
DA:49,3
DA:50,0
DA:51,0
DA:52,0
DA:54,3
DA:55,3
DA:56,2
DA:57,2
DA:58,2
DA:59,2
DA:60,2
DA:63,2
DA:64,2
DA:65,2
DA:66,2
DA:67,2
DA:68,2
DA:69,3
DA:70,1
DA:71,1
DA:72,1
DA:73,1
DA:74,1
DA:75,1
DA:76,1
DA:77,1
DA:78,3
DA:80,162
DA:81,1
DA:82,1
DA:84,162
DA:85,1
DA:86,0
DA:87,0
DA:88,0
DA:90,1
DA:91,1
DA:94,1
DA:97,1
DA:98,1
DA:99,1
DA:101,1
DA:102,1
DA:103,1
DA:105,1
DA:106,1
DA:107,1
DA:109,1
DA:110,0
DA:111,0
DA:114,1
DA:115,0
DA:116,0
DA:117,0
DA:120,1
DA:121,1
DA:122,1
DA:123,1
DA:124,1
DA:125,1
DA:127,1
DA:128,1
DA:129,1
DA:130,0
DA:131,0
DA:132,1
DA:134,162
DA:135,162
DA:136,162
DA:137,162
DA:138,162
DA:139,162
DA:140,162
DA:141,162
DA:142,162
DA:143,162
DA:144,162
DA:146,162
DA:147,162
DA:148,162
DA:149,162
DA:151,162
DA:152,162
DA:153,1
DA:154,1
DA:155,1
DA:159,162
DA:160,162
DA:161,162
DA:162,162
DA:163,162
DA:164,162
DA:165,162
DA:166,162
DA:173,162
DA:174,162
DA:175,162
DA:176,162
DA:177,162
DA:178,162
DA:179,162
DA:180,162
DA:182,162
DA:184,162
DA:185,162
DA:186,162
DA:188,162
DA:189,162
DA:190,162
DA:191,162
DA:192,162
DA:193,162
DA:194,162
DA:195,162
DA:197,162
DA:198,162
DA:199,162
DA:200,162
DA:201,162
DA:202,162
DA:203,162
DA:204,162
DA:205,162
DA:206,162
DA:207,162
DA:209,162
DA:210,162
DA:211,162
DA:212,162
DA:213,162
DA:214,162
DA:215,162
DA:216,162
DA:217,162
DA:218,162
DA:219,162
DA:220,162
DA:221,162
DA:222,162
DA:223,162
DA:224,162
DA:225,162
DA:227,162
DA:228,1
DA:230,161
DA:232,162
DA:233,162
DA:234,162
DA:236,162
DA:237,162
DA:238,162
DA:239,162
DA:240,162
DA:241,162
DA:242,162
DA:243,162
DA:244,162
DA:245,162
DA:246,162
DA:248,162
DA:249,162
DA:250,162
DA:251,162
DA:252,162
DA:253,162
DA:254,162
DA:255,162
DA:256,162
DA:257,162
DA:259,162
DA:260,162
DA:261,162
DA:262,162
DA:263,162
DA:264,162
DA:265,162
DA:267,162
DA:268,162
DA:269,162
DA:270,162
DA:271,162
DA:273,162
DA:274,1
DA:275,1
DA:277,1
DA:279,161
DA:281,162
DA:282,162
DA:283,162
DA:284,162
DA:285,162
DA:287,162
LF:214
LH:201
BRDA:23,0,0,162
BRDA:152,1,0,1
BRDA:214,2,0,1
BRDA:214,3,0,161
BRDA:227,4,0,1
BRDA:228,5,0,161
BRDA:273,6,0,1
BRDA:277,7,0,161
BRDA:39,8,0,148
BRDA:41,9,0,0
BRDA:40,10,0,148
BRDA:44,11,0,3
BRDA:49,12,0,0
BRDA:55,13,0,2
BRDA:69,14,0,1
BRDA:70,15,0,0
BRDA:80,16,0,1
BRDA:81,17,0,1
BRDA:84,18,0,1
BRDA:85,19,0,0
BRDA:97,20,0,0
BRDA:97,21,0,0
BRDA:98,22,0,0
BRDA:98,23,0,0
BRDA:101,24,0,0
BRDA:101,25,0,0
BRDA:102,26,0,0
BRDA:102,27,0,0
BRDA:105,28,0,0
BRDA:105,29,0,0
BRDA:105,30,0,0
BRDA:105,31,0,0
BRDA:105,32,0,0
BRDA:106,33,0,0
BRDA:106,34,0,0
BRDA:106,35,0,0
BRDA:106,36,0,0
BRDA:106,37,0,0
BRDA:109,38,0,0
BRDA:114,39,0,0
BRDA:129,40,0,0
BRDA:120,41,0,1
BRDA:123,42,0,0
BRDA:165,43,0,1
BRDA:203,44,0,33
BRDA:216,45,0,38
BRDA:225,46,0,1
BRDA:242,47,0,77
BRDA:263,48,0,1
BRF:49
BRH:23
end_of_record
TN:
SF:src/components/AILaunchpad/ConfirmDialog.tsx
FN:24,ConfirmDialog
FN:34,getIcon
FN:45,getConfirmButtonVariant
FN:71,onClick
FNF:4
FNH:4
FNDA:4,ConfirmDialog
FNDA:4,getIcon
FNDA:4,getConfirmButtonVariant
FNDA:1,onClick
DA:1,1
DA:24,1
DA:25,4
DA:26,4
DA:27,4
DA:28,4
DA:29,4
DA:30,4
DA:31,4
DA:32,4
DA:33,4
DA:34,4
DA:35,4
DA:36,4
DA:37,1
DA:38,4
DA:39,0
DA:40,4
DA:41,3
DA:42,4
DA:43,4
DA:45,4
DA:46,4
DA:47,4
DA:48,1
DA:49,4
DA:50,0
DA:51,4
DA:52,3
DA:53,4
DA:54,4
DA:56,4
DA:57,4
DA:58,4
DA:59,4
DA:60,4
DA:61,4
DA:62,4
DA:63,4
DA:64,4
DA:65,4
DA:66,4
DA:67,4
DA:68,4
DA:69,4
DA:70,4
DA:71,4
DA:73,4
DA:74,4
DA:75,4
DA:76,4
DA:77,4
DA:79,4
DA:80,4
DA:81,4
DA:82,4
DA:83,4
DA:85,4
LF:58
LH:56
BRDA:24,0,0,4
BRDA:34,1,0,4
BRDA:36,2,0,1
BRDA:38,3,0,0
BRDA:40,4,0,3
BRDA:45,5,0,4
BRDA:47,6,0,1
BRDA:49,7,0,0
BRDA:51,8,0,3
BRDA:71,9,0,1
BRF:10
BRH:8
end_of_record
TN:
SF:src/components/AILaunchpad/CreateDeploymentDialog.tsx
FN:31,CreateDeploymentDialog
FN:66,handleModelSelect
FN:87,handleBack
FN:93,handleDeploy
FN:220,onCancel
FNF:5
FNH:4
FNDA:35,CreateDeploymentDialog
FNDA:5,handleModelSelect
FNDA:0,handleBack
FNDA:3,handleDeploy
FNDA:1,onCancel
DA:1,1
DA:31,1
DA:32,35
DA:33,35
DA:34,35
DA:35,35
DA:36,35
DA:37,35
DA:38,35
DA:39,35
DA:40,35
DA:41,35
DA:44,35
DA:45,16
DA:46,2
DA:47,16
DA:48,13
DA:49,13
DA:50,35
DA:52,35
DA:53,35
DA:54,35
DA:55,35
DA:57,35
DA:58,35
DA:59,0
DA:60,0
DA:61,0
DA:62,0
DA:63,0
DA:64,35
DA:66,35
DA:68,5
DA:69,5
DA:70,5
DA:73,5
DA:74,5
DA:75,5
DA:76,5
DA:78,5
DA:80,5
DA:81,5
DA:82,0
DA:83,0
DA:84,5
DA:85,5
DA:87,35
DA:88,0
DA:89,0
DA:90,0
DA:91,0
DA:93,35
DA:94,3
DA:97,3
DA:100,3
DA:101,1
DA:102,1
DA:103,1
DA:104,1
DA:105,1
DA:106,1
DA:107,1
DA:109,2
DA:110,2
DA:111,2
DA:112,2
DA:113,2
DA:114,2
DA:115,2
DA:116,2
DA:117,2
DA:118,2
DA:119,2
DA:121,3
DA:122,3
DA:124,2
DA:125,2
DA:126,2
DA:127,2
DA:130,2
DA:131,2
DA:132,2
DA:133,2
DA:134,2
DA:135,3
DA:136,0
DA:137,0
DA:138,0
DA:139,0
DA:140,0
DA:141,0
DA:142,3
DA:144,35
DA:146,35
DA:147,35
DA:148,35
DA:149,35
DA:150,35
DA:151,35
DA:152,35
DA:153,35
DA:154,35
DA:155,35
DA:156,35
DA:157,35
DA:158,35
DA:159,35
DA:160,26
DA:161,8
DA:163,35
DA:164,35
DA:165,35
DA:166,35
DA:169,35
DA:170,24
DA:171,24
DA:173,24
DA:174,24
DA:175,24
DA:176,24
DA:178,24
DA:179,24
DA:180,24
DA:181,24
DA:182,24
DA:183,53
DA:184,53
DA:185,53
DA:186,24
DA:187,24
DA:188,24
DA:189,24
DA:192,35
DA:193,35
DA:194,26
DA:195,26
DA:196,26
DA:197,26
DA:198,26
DA:199,26
DA:200,26
DA:201,26
DA:204,35
DA:205,8
DA:206,8
DA:207,8
DA:208,8
DA:209,8
DA:211,35
DA:213,35
DA:214,35
DA:215,35
DA:216,35
DA:217,35
DA:218,35
DA:219,35
DA:220,35
DA:221,35
DA:222,35
DA:223,35
DA:224,35
DA:225,35
DA:227,35
LF:163
LH:146
BRDA:31,0,0,35
BRDA:57,1,0,34
BRDA:57,2,0,0
BRDA:144,3,0,34
BRDA:156,4,0,26
BRDA:156,5,0,8
BRDA:159,6,0,26
BRDA:160,7,0,8
BRDA:169,8,0,24
BRDA:178,9,0,13
BRDA:178,10,0,11
BRDA:193,11,0,26
BRDA:204,12,0,8
BRDA:204,13,0,8
BRDA:218,14,0,24
BRDA:44,15,0,16
BRDA:45,16,0,15
BRDA:45,17,0,3
BRDA:45,18,0,2
BRDA:47,19,0,14
BRDA:47,20,0,13
BRDA:66,21,0,5
BRDA:68,22,0,0
BRDA:75,23,0,0
BRDA:80,24,0,0
BRDA:81,25,0,0
BRDA:93,26,0,3
BRDA:94,27,0,0
BRDA:97,28,0,2
BRDA:100,29,0,2
BRDA:100,30,0,1
BRDA:107,31,0,2
BRDA:121,32,0,1
BRDA:121,33,0,1
BRDA:122,34,0,2
BRDA:135,35,0,0
BRDA:182,36,0,53
BRDA:220,37,0,1
BRF:38
BRH:31
end_of_record
TN:
SF:src/components/AILaunchpad/CreateDeploymentDialogButtons.tsx
FN:16,CreateDeploymentDialogButtons
FNF:1
FNH:1
FNDA:5,CreateDeploymentDialogButtons
DA:1,1
DA:16,1
DA:17,5
DA:18,5
DA:19,5
DA:20,5
DA:21,5
DA:22,5
DA:23,5
DA:24,5
DA:25,5
DA:26,5
DA:27,5
DA:28,5
DA:29,4
DA:31,4
DA:33,5
DA:34,5
DA:35,5
DA:36,5
DA:37,5
DA:38,5
DA:39,5
DA:41,5
DA:42,5
DA:43,4
DA:44,4
DA:45,4
DA:46,4
DA:48,4
DA:49,1
DA:50,1
DA:52,1
DA:54,3
DA:56,3
DA:58,4
DA:60,5
DA:61,5
DA:63,5
LF:39
LH:39
BRDA:16,0,0,5
BRDA:28,1,0,4
BRDA:42,2,0,4
BRDA:45,3,0,3
BRDA:45,4,0,2
BRDA:48,5,0,1
BRDA:52,6,0,3
BRF:7
BRH:7
end_of_record
TN:
SF:src/components/AILaunchpad/DeploymentCard.tsx
FN:20,DeploymentCard
FN:25,copyEndpoint
FN:35,handleCopyId
FN:43,handleStopDeployment
FN:60,handleDeleteDeployment
FNF:5
FNH:5
FNDA:3,DeploymentCard
FNDA:1,copyEndpoint
FNDA:1,handleCopyId
FNDA:1,handleStopDeployment
FNDA:1,handleDeleteDeployment
DA:1,1
DA:20,1
DA:21,3
DA:22,3
DA:23,3
DA:25,3
DA:26,1
DA:27,1
DA:28,1
DA:29,1
DA:30,1
DA:31,1
DA:32,1
DA:33,1
DA:35,3
DA:36,1
DA:37,1
DA:38,1
DA:39,1
DA:40,1
DA:41,1
DA:43,3
DA:44,1
DA:45,1
DA:46,1
DA:47,1
DA:48,1
DA:49,1
DA:50,1
DA:51,0
DA:52,0
DA:53,0
DA:54,0
DA:55,0
DA:56,0
DA:57,1
DA:60,3
DA:61,1
DA:62,1
DA:63,1
DA:64,1
DA:65,1
DA:66,1
DA:67,1
DA:68,0
DA:69,0
DA:70,0
DA:71,0
DA:72,0
DA:73,0
DA:74,1
DA:76,3
DA:77,3
DA:78,3
DA:79,3
DA:80,3
DA:81,3
DA:82,3
DA:83,3
DA:85,3
DA:86,3
DA:87,3
DA:88,3
DA:89,3
DA:90,3
DA:91,3
DA:92,3
DA:93,3
DA:94,3
DA:95,3
DA:98,3
DA:99,3
DA:100,3
DA:101,3
DA:102,3
DA:103,3
DA:104,3
DA:105,3
DA:106,3
DA:107,3
DA:109,3
LF:81
LH:69
BRDA:20,0,0,3
BRDA:25,1,0,1
BRDA:35,2,0,1
BRDA:43,3,0,1
BRDA:50,4,0,0
BRDA:60,5,0,1
BRDA:67,6,0,0
BRF:7
BRH:5
end_of_record
TN:
SF:src/components/AILaunchpad/DeploymentCardActions.tsx
FN:14,DeploymentCardActions
FNF:1
FNH:1
FNDA:6,DeploymentCardActions
DA:1,1
DA:14,1
DA:15,6
DA:16,6
DA:17,6
DA:18,6
DA:19,6
DA:20,6
DA:21,6
DA:22,6
DA:24,6
DA:25,6
DA:26,6
DA:27,6
DA:28,6
DA:29,6
DA:31,6
DA:32,1
DA:34,5
DA:35,6
DA:37,6
DA:41,6
DA:42,6
DA:43,6
DA:44,6
DA:45,6
DA:46,6
DA:48,6
DA:49,1
DA:51,5
DA:52,6
DA:54,6
DA:55,6
DA:57,6
LF:34
LH:34
BRDA:14,0,0,6
BRDA:28,1,0,4
BRDA:28,2,0,3
BRDA:31,3,0,1
BRDA:32,4,0,5
BRDA:45,5,0,2
BRDA:45,6,0,2
BRDA:48,7,0,1
BRDA:49,8,0,5
BRF:9
BRH:9
end_of_record
TN:
SF:src/components/AILaunchpad/DeploymentCardHeader.tsx
FN:13,DeploymentCardHeader
FN:20,getDisplayStatus
FN:33,getDisplayStatusColor
FN:77,onClick
FNF:4
FNH:4
FNDA:7,DeploymentCardHeader
FNDA:14,getDisplayStatus
FNDA:7,getDisplayStatusColor
FNDA:1,onClick
DA:1,1
DA:13,1
DA:14,7
DA:15,7
DA:16,7
DA:17,7
DA:20,7
DA:21,14
DA:22,2
DA:23,2
DA:24,14
DA:25,2
DA:26,2
DA:27,14
DA:28,2
DA:29,2
DA:30,8
DA:31,14
DA:33,7
DA:34,7
DA:36,7
DA:37,1
DA:38,1
DA:39,7
DA:40,1
DA:41,1
DA:44,5
DA:46,5
DA:47,7
DA:49,7
DA:51,7
DA:52,7
DA:54,7
DA:55,7
DA:56,7
DA:57,7
DA:58,7
DA:59,7
DA:62,7
DA:63,7
DA:64,7
DA:65,7
DA:66,7
DA:67,7
DA:68,7
DA:69,7
DA:70,7
DA:72,7
DA:73,7
DA:74,7
DA:75,7
DA:76,7
DA:77,7
DA:78,7
DA:79,7
DA:81,7
DA:82,7
DA:83,7
DA:84,7
DA:85,7
DA:87,7
DA:89,7
LF:62
LH:62
BRDA:13,0,0,7
BRDA:56,1,0,1
BRDA:56,2,0,6
BRDA:20,3,0,14
BRDA:21,4,0,2
BRDA:21,5,0,2
BRDA:23,6,0,12
BRDA:24,7,0,8
BRDA:24,8,0,2
BRDA:26,9,0,10
BRDA:27,10,0,4
BRDA:27,11,0,2
BRDA:29,12,0,8
BRDA:33,13,0,7
BRDA:36,14,0,1
BRDA:38,15,0,6
BRDA:39,16,0,1
BRDA:41,17,0,5
BRDA:77,18,0,1
BRF:19
BRH:19
end_of_record
TN:
SF:src/components/AILaunchpad/DeploymentCardSkeleton.tsx
FN:5,DeploymentCardSkeleton
FNF:1
FNH:1
FNDA:54,DeploymentCardSkeleton
DA:1,1
DA:5,1
DA:6,54
DA:7,54
DA:8,54
DA:10,54
DA:11,54
DA:12,54
DA:13,54
DA:14,54
DA:15,54
DA:16,54
DA:17,54
DA:19,54
DA:21,54
DA:22,54
DA:23,54
DA:24,54
DA:25,54
DA:26,54
DA:27,54
DA:30,54
DA:31,54
DA:32,54
DA:33,54
DA:34,54
DA:35,54
DA:36,54
DA:39,54
DA:40,54
DA:41,54
DA:42,54
DA:43,54
DA:44,54
DA:45,54
DA:46,54
DA:49,54
DA:50,54
DA:51,54
DA:52,54
DA:53,54
DA:54,54
DA:55,54
DA:57,54
LF:44
LH:44
BRDA:5,0,0,54
BRF:1
BRH:1
end_of_record
TN:
SF:src/components/AILaunchpad/DeploymentConfigurationStep.tsx
FN:16,sortVersions
FN:23,DeploymentConfigurationStep
FNF:2
FNH:1
FNDA:0,sortVersions
FNDA:4,DeploymentConfigurationStep
DA:1,1
DA:16,1
DA:18,0
DA:19,0
DA:20,0
DA:21,0
DA:23,1
DA:24,4
DA:25,4
DA:26,4
DA:27,4
DA:28,4
DA:29,4
DA:31,4
DA:34,4
DA:35,4
DA:36,4
DA:37,4
DA:38,4
DA:39,4
DA:40,4
DA:41,4
DA:42,4
DA:43,4
DA:44,4
DA:46,4
DA:47,4
DA:48,4
DA:49,4
DA:50,4
DA:51,4
DA:52,4
DA:53,4
DA:54,4
DA:55,4
DA:57,4
DA:58,4
DA:59,4
DA:60,4
DA:61,4
DA:63,4
DA:64,4
DA:65,4
DA:66,4
DA:67,4
DA:68,4
DA:69,4
DA:70,4
DA:71,4
DA:72,4
DA:74,4
DA:75,4
DA:76,4
DA:77,4
DA:78,4
DA:79,4
DA:81,4
DA:82,4
DA:83,4
DA:85,4
DA:86,4
DA:87,4
DA:88,4
DA:90,4
LF:64
LH:60
BRDA:23,0,0,4
BRDA:69,1,0,4
BRDA:74,2,0,0
BRF:3
BRH:2
end_of_record
TN:
SF:src/components/AILaunchpad/DeploymentStats.tsx
FN:10,DeploymentStats
FNF:1
FNH:1
FNDA:6,DeploymentStats
DA:1,1
DA:10,1
DA:11,6
DA:12,6
DA:13,6
DA:16,6
DA:17,6
DA:18,18
DA:19,15
DA:20,15
DA:21,0
DA:22,18
DA:23,6
DA:25,6
DA:26,6
DA:27,6
DA:28,6
DA:29,6
DA:30,6
DA:31,6
DA:32,6
DA:33,6
DA:34,6
DA:35,6
DA:36,6
DA:37,6
DA:38,6
DA:39,6
DA:40,6
DA:41,6
DA:42,6
DA:43,6
DA:44,6
DA:45,2
DA:46,2
DA:47,2
DA:48,2
DA:49,6
DA:50,6
DA:52,6
DA:53,1
DA:54,1
DA:56,5
DA:57,5
DA:58,5
DA:59,5
DA:60,5
DA:61,5
DA:62,17
DA:64,17
DA:65,17
DA:66,17
DA:67,17
DA:68,17
DA:70,17
DA:71,17
DA:72,17
DA:73,17
DA:75,5
DA:76,5
DA:77,5
DA:78,5
DA:79,5
DA:81,5
LF:64
LH:63
BRDA:10,0,0,6
BRDA:44,1,0,2
BRDA:49,2,0,4
BRDA:52,3,0,1
BRDA:54,4,0,5
BRDA:11,5,0,18
BRDA:13,6,0,18
BRDA:13,7,0,16
BRDA:17,8,0,18
BRDA:18,9,0,3
BRDA:18,10,0,15
BRDA:19,11,0,0
BRDA:19,12,0,15
BRDA:20,13,0,0
BRDA:61,14,0,17
BRF:15
BRH:13
end_of_record
TN:
SF:src/components/AILaunchpad/DeploymentsHeader.tsx
FN:16,DeploymentsHeader
FNF:1
FNH:1
FNDA:3,DeploymentsHeader
DA:1,1
DA:16,1
DA:17,3
DA:18,3
DA:19,3
DA:20,3
DA:21,3
DA:22,3
DA:23,3
DA:24,3
DA:25,3
DA:26,3
DA:27,3
DA:28,3
DA:29,3
DA:30,3
DA:31,3
DA:33,3
DA:35,3
DA:37,3
DA:38,3
DA:39,3
DA:41,3
DA:43,3
DA:44,3
DA:46,3
LF:26
LH:26
BRDA:16,0,0,3
BRDA:33,1,0,1
BRDA:33,2,0,2
BRF:3
BRH:3
end_of_record
TN:
SF:src/components/AILaunchpad/DeploymentsLoadingSkeleton.tsx
FN:8,DeploymentsLoadingSkeleton
FNF:1
FNH:1
FNDA:48,DeploymentsLoadingSkeleton
DA:1,1
DA:8,1
DA:9,48
DA:10,48
DA:11,48
DA:12,48
DA:13,48
DA:14,382
DA:15,48
DA:16,48
DA:18,48
LF:11
LH:11
BRDA:8,0,0,48
BRDA:13,1,0,382
BRF:2
BRH:2
end_of_record
TN:
SF:src/components/AILaunchpad/DeploymentsManager.tsx
FN:21,DeploymentsManager
FN:88,getModelName
FN:107,handleRefresh
FN:126,handleCreateDeployment
FN:194,onChange
FNF:5
FNH:4
FNDA:9,DeploymentsManager
FNDA:8,getModelName
FNDA:1,handleRefresh
FNDA:1,handleCreateDeployment
FNDA:0,onChange
DA:1,1
DA:21,1
DA:22,9
DA:23,9
DA:24,9
DA:25,9
DA:26,9
DA:27,9
DA:28,9
DA:29,9
DA:30,9
DA:33,9
DA:34,9
DA:36,9
DA:37,9
DA:38,9
DA:39,9
DA:40,9
DA:41,9
DA:42,9
DA:43,9
DA:46,9
DA:47,5
DA:48,2
DA:49,2
DA:51,3
DA:52,3
DA:53,4
DA:54,6
DA:55,6
DA:56,4
DA:57,3
DA:59,3
DA:62,5
DA:65,5
DA:66,3
DA:67,0
DA:70,5
DA:71,0
DA:72,0
DA:73,0
DA:74,0
DA:75,0
DA:76,0
DA:77,0
DA:78,0
DA:79,0
DA:80,0
DA:81,0
DA:83,0
DA:84,0
DA:87,3
DA:88,4
DA:89,8
DA:90,8
DA:91,8
DA:92,8
DA:94,4
DA:95,3
DA:97,3
DA:98,9
DA:101,9
DA:102,5
DA:103,0
DA:104,0
DA:105,9
DA:107,9
DA:108,1
DA:109,1
DA:110,1
DA:111,1
DA:112,1
DA:113,1
DA:114,1
DA:115,1
DA:116,0
DA:117,0
DA:118,0
DA:119,0
DA:120,0
DA:121,1
DA:122,1
DA:123,1
DA:124,1
DA:126,9
DA:127,1
DA:128,1
DA:130,9
DA:131,9
DA:133,9
DA:134,9
DA:136,9
DA:137,5
DA:138,5
DA:139,5
DA:140,5
DA:141,5
DA:142,5
DA:143,15
DA:144,15
DA:145,15
DA:146,15
DA:147,15
DA:148,5
DA:150,5
DA:151,5
DA:152,5
DA:153,5
DA:154,5
DA:155,5
DA:156,5
DA:157,5
DA:158,5
DA:159,5
DA:160,5
DA:161,5
DA:162,5
DA:163,5
DA:164,5
DA:165,5
DA:166,5
DA:167,5
DA:169,5
DA:170,5
DA:174,9
DA:175,9
DA:176,9
DA:177,9
DA:178,9
DA:179,9
DA:180,9
DA:181,9
DA:182,9
DA:183,9
DA:186,9
DA:187,5
DA:188,5
DA:189,5
DA:190,5
DA:191,5
DA:192,5
DA:193,5
DA:194,5
DA:195,5
DA:196,5
DA:197,5
DA:198,5
DA:200,9
DA:203,9
DA:206,9
DA:207,1
DA:208,1
DA:209,1
DA:210,1
DA:211,1
DA:212,1
DA:213,1
DA:214,1
DA:215,1
DA:216,1
DA:218,1
DA:219,1
DA:220,1
DA:224,9
DA:225,1
DA:229,9
DA:230,6
DA:231,6
DA:232,15
DA:233,6
DA:234,6
DA:238,9
DA:239,1
DA:240,1
DA:241,1
DA:242,1
DA:243,1
DA:244,1
DA:245,1
DA:246,1
DA:247,1
DA:248,1
DA:249,0
DA:251,1
DA:252,1
DA:253,1
DA:255,1
DA:256,1
DA:257,1
DA:258,1
DA:260,9
DA:263,9
DA:264,9
DA:265,9
DA:266,9
DA:267,9
DA:268,9
DA:269,9
DA:271,9
LF:199
LH:177
BRDA:21,0,0,9
BRDA:33,1,0,8
BRDA:34,2,0,8
BRDA:37,3,0,0
BRDA:136,4,0,7
BRDA:136,5,0,5
BRDA:186,6,0,7
BRDA:186,7,0,5
BRDA:206,8,0,1
BRDA:224,9,0,1
BRDA:229,10,0,7
BRDA:229,11,0,6
BRDA:238,12,0,7
BRDA:238,13,0,6
BRDA:238,14,0,1
BRDA:244,15,0,0
BRDA:248,16,0,0
BRDA:46,17,0,5
BRDA:47,18,0,3
BRDA:47,19,0,2
BRDA:49,20,0,3
BRDA:62,21,0,2
BRDA:62,22,0,1
BRDA:65,23,0,3
BRDA:66,24,0,0
BRDA:70,25,0,0
BRDA:84,26,0,3
BRDA:51,27,0,4
BRDA:52,28,0,4
BRDA:53,29,0,6
BRDA:87,30,0,4
BRDA:88,31,0,8
BRDA:89,32,0,0
BRDA:90,33,0,0
BRDA:101,34,0,5
BRDA:102,35,0,0
BRDA:102,36,0,0
BRDA:107,37,0,1
BRDA:115,38,0,0
BRDA:126,39,0,1
BRDA:138,40,0,5
BRDA:139,41,0,15
BRDA:142,42,0,15
BRDA:143,43,0,0
BRDA:144,44,0,0
BRDA:231,45,0,15
BRF:46
BRH:34
end_of_record
TN:
SF:src/components/AILaunchpad/EndpointSection.tsx
FN:11,EndpointSection
FN:17,toggleExpanded
FNF:2
FNH:2
FNDA:5,EndpointSection
FNDA:1,toggleExpanded
DA:1,1
DA:11,1
DA:12,5
DA:13,5
DA:14,5
DA:15,5
DA:17,5
DA:18,1
DA:19,1
DA:21,5
DA:22,5
DA:23,5
DA:24,5
DA:26,5
DA:27,5
DA:28,5
DA:29,5
DA:30,5
DA:31,5
DA:32,5
DA:33,5
DA:35,5
DA:36,5
DA:37,5
DA:38,5
DA:39,5
DA:40,5
DA:41,5
DA:43,5
DA:44,5
DA:45,5
DA:46,5
DA:48,5
LF:33
LH:33
BRDA:11,0,0,5
BRDA:23,1,0,4
BRDA:23,2,0,1
BRDA:27,3,0,4
BRDA:27,4,0,1
BRDA:30,5,0,4
BRDA:30,6,0,1
BRDA:30,7,0,3
BRDA:30,8,0,1
BRDA:32,9,0,4
BRDA:32,10,0,1
BRDA:33,11,0,4
BRDA:33,12,0,1
BRDA:33,13,0,3
BRDA:33,14,0,1
BRDA:35,15,0,1
BRDA:40,16,0,4
BRDA:40,17,0,1
BRDA:41,18,0,4
BRDA:41,19,0,1
BRDA:17,20,0,1
BRF:21
BRH:21
end_of_record
TN:
SF:src/components/AILaunchpad/ModelConfigurationSection.tsx
FN:13,ModelConfigurationSection
FN:19,handleCopyConfigurationId
FN:37,onClick
FN:52,onClick
FNF:4
FNH:3
FNDA:2,ModelConfigurationSection
FNDA:1,handleCopyConfigurationId
FNDA:0,onClick
FNDA:1,onClick
DA:1,1
DA:13,1
DA:14,2
DA:15,2
DA:16,2
DA:17,2
DA:19,2
DA:20,1
DA:21,1
DA:22,1
DA:23,1
DA:24,1
DA:25,1
DA:27,2
DA:28,2
DA:29,2
DA:30,2
DA:31,2
DA:32,2
DA:33,2
DA:34,2
DA:35,2
DA:36,2
DA:37,2
DA:38,2
DA:40,2
DA:41,2
DA:42,2
DA:44,2
DA:45,2
DA:46,2
DA:47,2
DA:48,2
DA:49,2
DA:50,2
DA:51,2
DA:52,2
DA:53,2
DA:55,2
DA:56,2
DA:57,2
DA:58,2
DA:60,2
LF:43
LH:43
BRDA:13,0,0,2
BRDA:19,1,0,1
BRDA:52,2,0,1
BRF:3
BRH:3
end_of_record
TN:
SF:src/components/AILaunchpad/ModelSearchStep.tsx
FN:16,ModelSearchStep
FN:32,onChange
FNF:2
FNH:2
FNDA:6,ModelSearchStep
FNDA:4,onChange
DA:1,1
DA:16,1
DA:17,6
DA:18,6
DA:19,6
DA:20,6
DA:21,6
DA:22,6
DA:23,6
DA:24,6
DA:26,6
DA:27,6
DA:28,6
DA:29,6
DA:30,6
DA:31,6
DA:32,6
DA:33,6
DA:34,6
DA:35,6
DA:38,6
DA:39,6
DA:40,1
DA:41,1
DA:42,1
DA:43,5
DA:44,2
DA:45,2
DA:46,2
DA:48,3
DA:49,6
DA:50,6
DA:51,6
DA:52,6
DA:53,6
DA:54,3
DA:56,6
DA:57,6
DA:59,6
LF:39
LH:39
BRDA:16,0,0,6
BRDA:39,1,0,1
BRDA:42,2,0,5
BRDA:43,3,0,2
BRDA:45,4,0,1
BRDA:45,5,0,1
BRDA:46,6,0,3
BRDA:32,7,0,4
BRDA:48,8,0,6
BRF:9
BRH:9
end_of_record
TN:
SF:src/components/AILaunchpad/ModelSelectionCard.tsx
FN:12,ModelSelectionCard
FN:19,onClick
FNF:2
FNH:2
FNDA:6,ModelSelectionCard
FNDA:1,onClick
DA:1,1
DA:12,1
DA:13,6
DA:14,6
DA:15,6
DA:16,6
DA:17,6
DA:18,6
DA:19,6
DA:21,6
DA:22,6
DA:23,6
DA:24,6
DA:25,6
DA:26,6
DA:27,6
DA:28,6
DA:29,6
DA:30,6
DA:31,6
DA:32,6
DA:33,6
DA:34,6
DA:35,6
DA:36,6
DA:37,15
DA:38,15
DA:39,15
DA:40,6
DA:41,6
DA:42,4
DA:43,4
DA:44,4
DA:46,6
DA:47,6
DA:48,6
DA:49,6
DA:50,6
DA:52,6
LF:39
LH:39
BRDA:12,0,0,6
BRDA:41,1,0,4
BRDA:19,2,0,1
BRDA:36,3,0,15
BRF:4
BRH:4
end_of_record
TN:
SF:src/components/AILaunchpad/ModelSummaryCard.tsx
FN:10,ModelSummaryCard
FNF:1
FNH:1
FNDA:4,ModelSummaryCard
DA:1,1
DA:10,1
DA:11,4
DA:12,4
DA:13,4
DA:14,4
DA:15,4
DA:16,4
DA:17,4
DA:18,4
DA:19,4
DA:20,4
DA:21,4
DA:22,4
DA:23,4
DA:24,4
DA:26,4
LF:17
LH:17
BRDA:10,0,0,4
BRF:1
BRH:1
end_of_record
TN:
SF:src/components/AILaunchpad/TimelineSection.tsx
FN:9,TimelineSection
FNF:1
FNH:1
FNDA:6,TimelineSection
DA:1,1
DA:9,1
DA:10,6
DA:11,6
DA:12,6
DA:13,6
DA:14,6
DA:15,6
DA:16,6
DA:17,6
DA:18,6
DA:19,6
DA:20,6
DA:21,6
DA:24,6
LF:15
LH:15
BRDA:9,0,0,6
BRF:1
BRH:1
end_of_record
TN:
SF:src/components/AILaunchpad/deploymentUtils.ts
FN:8,getModelDisplayName
FN:15,getModelVersion
FN:21,getStatusIcon
FN:31,getStatusColor
FN:41,getCardBorderColor
FNF:5
FNH:5
FNDA:5,getModelDisplayName
FNDA:2,getModelVersion
FNDA:5,getStatusIcon
FNDA:5,getStatusColor
FNDA:8,getCardBorderColor
DA:1,1
DA:8,1
DA:9,5
DA:10,4
DA:11,4
DA:12,3
DA:13,5
DA:15,1
DA:16,2
DA:17,1
DA:18,1
DA:19,2
DA:21,1
DA:22,5
DA:23,5
DA:24,5
DA:25,5
DA:26,5
DA:27,5
DA:28,5
DA:29,5
DA:31,1
DA:32,5
DA:33,5
DA:34,5
DA:35,5
DA:36,5
DA:37,5
DA:38,5
DA:39,5
DA:41,1
DA:42,8
DA:43,8
DA:44,8
DA:45,8
DA:46,8
DA:47,8
DA:48,8
DA:49,8
LF:39
LH:39
BRDA:8,0,0,5
BRDA:9,1,0,1
BRDA:9,2,0,4
BRDA:10,3,0,0
BRDA:10,4,0,4
BRDA:11,5,0,3
BRDA:15,6,0,2
BRDA:16,7,0,1
BRDA:16,8,0,1
BRDA:17,9,0,0
BRDA:17,10,0,1
BRDA:21,11,0,5
BRDA:23,12,0,1
BRDA:24,13,0,1
BRDA:25,14,0,1
BRDA:26,15,0,2
BRDA:27,16,0,1
BRDA:31,17,0,5
BRDA:33,18,0,1
BRDA:34,19,0,1
BRDA:35,20,0,1
BRDA:36,21,0,2
BRDA:37,22,0,1
BRDA:41,23,0,8
BRDA:43,24,0,4
BRDA:44,25,0,1
BRDA:45,26,0,1
BRDA:46,27,0,2
BRDA:47,28,0,1
BRF:29
BRH:27
end_of_record
TN:
SF:src/components/Alerts/AddAlertDialog.tsx
FN:27,AddAlertDialog
FN:68,validateForm
FN:89,handleLabelChange
FN:101,addLabel
FN:106,removeLabel
FN:115,updateLabelKey
FN:134,handleAnnotationChange
FN:146,addAnnotation
FN:151,removeAnnotation
FN:159,updateAnnotationKey
FN:177,handleSave
FN:246,addAlertToContent
FN:399,onChange
FN:414,onChange
FN:430,onChange
FN:481,onChange
FN:488,onChange
FN:496,onClick
FN:538,onChange
FN:546,onClick
FN:554,onChange
FN:586,onChange
FN:597,onChange
FN:608,onClick
FNF:24
FNH:20
FNDA:278,AddAlertDialog
FNDA:6,validateForm
FNDA:0,handleLabelChange
FNDA:2,addLabel
FNDA:1,removeLabel
FNDA:9,updateLabelKey
FNDA:0,handleAnnotationChange
FNDA:2,addAnnotation
FNDA:1,removeAnnotation
FNDA:7,updateAnnotationKey
FNDA:6,handleSave
FNDA:4,addAlertToContent
FNDA:75,onChange
FNDA:56,onChange
FNDA:19,onChange
FNDA:9,onChange
FNDA:0,onChange
FNDA:1,onClick
FNDA:7,onChange
FNDA:1,onClick
FNDA:0,onChange
FNDA:24,onChange
FNDA:22,onChange
FNDA:1,onClick
DA:1,1
DA:27,1
DA:28,278
DA:29,278
DA:30,278
DA:31,278
DA:32,278
DA:34,278
DA:35,278
DA:36,278
DA:37,278
DA:38,278
DA:39,278
DA:40,278
DA:41,278
DA:42,278
DA:43,278
DA:44,278
DA:45,278
DA:47,278
DA:48,28
DA:50,26
DA:51,26
DA:52,26
DA:53,26
DA:54,26
DA:55,26
DA:56,26
DA:57,26
DA:58,26
DA:59,26
DA:60,26
DA:61,278
DA:64,278
DA:65,28
DA:66,278
DA:68,278
DA:69,6
DA:70,1
DA:71,1
DA:72,1
DA:73,6
DA:74,1
DA:75,1
DA:76,1
DA:77,6
DA:78,0
DA:79,0
DA:80,0
DA:81,6
DA:82,0
DA:83,0
DA:84,0
DA:85,4
DA:86,4
DA:87,6
DA:89,278
DA:90,0
DA:91,0
DA:92,0
DA:93,0
DA:94,0
DA:95,0
DA:96,0
DA:97,0
DA:98,0
DA:99,0
DA:101,278
DA:102,2
DA:103,2
DA:104,2
DA:106,278
DA:107,1
DA:108,1
DA:109,1
DA:110,1
DA:111,1
DA:112,1
DA:113,1
DA:115,278
DA:116,9
DA:117,9
DA:118,9
DA:119,9
DA:120,9
DA:121,9
DA:122,18
DA:123,9
DA:124,9
DA:125,9
DA:126,9
DA:127,9
DA:128,9
DA:129,9
DA:130,9
DA:131,9
DA:132,9
DA:134,278
DA:135,0
DA:136,0
DA:137,0
DA:138,0
DA:139,0
DA:140,0
DA:141,0
DA:142,0
DA:143,0
DA:144,0
DA:146,278
DA:147,2
DA:148,2
DA:149,2
DA:151,278
DA:152,1
DA:153,1
DA:154,1
DA:155,1
DA:156,1
DA:157,1
DA:159,278
DA:160,7
DA:161,7
DA:162,7
DA:163,7
DA:164,7
DA:165,7
DA:166,7
DA:167,7
DA:168,7
DA:169,7
DA:170,0
DA:171,0
DA:172,7
DA:173,7
DA:174,7
DA:175,7
DA:177,278
DA:178,6
DA:179,2
DA:180,2
DA:181,2
DA:182,2
DA:183,2
DA:184,2
DA:185,2
DA:187,6
DA:188,0
DA:189,0
DA:190,0
DA:191,0
DA:192,0
DA:193,0
DA:194,0
DA:196,4
DA:197,4
DA:198,6
DA:199,0
DA:200,0
DA:202,4
DA:203,4
DA:204,4
DA:205,4
DA:206,4
DA:208,4
DA:209,4
DA:210,4
DA:212,6
DA:213,0
DA:214,0
DA:217,4
DA:219,4
DA:220,4
DA:221,4
DA:222,4
DA:223,4
DA:224,4
DA:226,3
DA:227,3
DA:228,3
DA:229,3
DA:230,3
DA:232,3
DA:233,3
DA:234,3
DA:236,3
DA:237,6
DA:238,1
DA:239,1
DA:240,1
DA:241,1
DA:242,1
DA:243,1
DA:244,6
DA:246,278
DA:247,4
DA:250,4
DA:251,4
DA:252,4
DA:253,4
DA:254,4
DA:256,4
DA:257,40
DA:260,40
DA:261,4
DA:262,4
DA:263,4
DA:264,4
DA:265,4
DA:266,4
DA:269,40
DA:270,4
DA:271,4
DA:272,0
DA:273,0
DA:274,4
DA:275,4
DA:276,40
DA:279,4
DA:281,4
DA:282,4
DA:283,24
DA:286,24
DA:287,0
DA:288,0
DA:289,0
DA:292,24
DA:293,0
DA:294,0
DA:295,0
DA:298,24
DA:299,24
DA:300,24
DA:301,24
DA:304,0
DA:305,0
DA:306,0
DA:307,0
DA:310,0
DA:311,0
DA:312,0
DA:313,4
DA:315,0
DA:316,0
DA:317,0
DA:318,0
DA:320,4
DA:321,0
DA:322,0
DA:325,4
DA:326,4
DA:328,4
DA:329,4
DA:330,4
DA:331,4
DA:333,4
DA:334,4
DA:335,4
DA:336,4
DA:337,4
DA:338,4
DA:340,4
DA:341,0
DA:342,0
DA:343,0
DA:344,0
DA:345,0
DA:346,0
DA:347,0
DA:350,4
DA:351,4
DA:353,4
DA:354,4
DA:356,278
DA:357,278
DA:358,278
DA:359,278
DA:360,278
DA:361,278
DA:363,278
DA:364,278
DA:366,278
DA:367,278
DA:369,278
DA:371,278
DA:372,278
DA:373,278
DA:374,278
DA:375,278
DA:376,278
DA:377,278
DA:378,278
DA:379,508
DA:380,508
DA:381,508
DA:382,278
DA:383,278
DA:384,278
DA:385,278
DA:388,278
DA:389,278
DA:391,278
DA:392,278
DA:394,278
DA:395,278
DA:396,278
DA:397,278
DA:398,278
DA:399,278
DA:400,278
DA:401,278
DA:402,278
DA:403,278
DA:406,278
DA:407,278
DA:409,278
DA:410,278
DA:411,278
DA:412,278
DA:413,278
DA:414,278
DA:415,278
DA:416,278
DA:417,278
DA:418,278
DA:421,278
DA:422,278
DA:423,278
DA:425,278
DA:426,278
DA:427,278
DA:428,278
DA:429,278
DA:430,278
DA:431,278
DA:432,278
DA:433,278
DA:434,278
DA:437,278
DA:438,278
DA:439,278
DA:440,278
DA:442,278
DA:443,278
DA:444,278
DA:445,278
DA:446,278
DA:447,278
DA:448,278
DA:449,278
DA:450,278
DA:452,278
DA:453,278
DA:454,278
DA:455,278
DA:456,289
DA:457,289
DA:458,289
DA:459,278
DA:460,278
DA:461,278
DA:462,278
DA:463,278
DA:464,278
DA:465,278
DA:466,278
DA:467,278
DA:468,278
DA:469,278
DA:470,278
DA:471,278
DA:472,278
DA:473,278
DA:474,278
DA:475,278
DA:476,278
DA:478,11
DA:479,11
DA:480,11
DA:481,11
DA:482,11
DA:483,11
DA:484,11
DA:485,11
DA:486,11
DA:487,11
DA:488,11
DA:489,11
DA:490,11
DA:491,11
DA:492,11
DA:493,11
DA:494,11
DA:495,11
DA:496,11
DA:497,11
DA:499,11
DA:500,11
DA:501,11
DA:503,289
DA:504,278
DA:505,278
DA:506,278
DA:509,278
DA:510,278
DA:511,278
DA:512,278
DA:514,278
DA:515,278
DA:516,278
DA:517,278
DA:518,278
DA:519,278
DA:520,278
DA:521,278
DA:522,278
DA:524,278
DA:525,278
DA:526,278
DA:527,278
DA:528,269
DA:530,269
DA:532,9
DA:533,9
DA:534,9
DA:535,9
DA:536,9
DA:537,9
DA:538,9
DA:539,9
DA:540,9
DA:541,9
DA:542,9
DA:543,9
DA:544,9
DA:545,9
DA:546,9
DA:547,9
DA:549,9
DA:550,9
DA:551,9
DA:552,9
DA:553,9
DA:554,9
DA:555,9
DA:556,9
DA:557,9
DA:558,9
DA:559,9
DA:561,278
DA:562,278
DA:563,278
DA:565,278
DA:566,2
DA:567,2
DA:568,2
DA:569,2
DA:571,278
DA:574,278
DA:575,278
DA:576,278
DA:578,278
DA:581,278
DA:582,278
DA:583,278
DA:584,278
DA:585,278
DA:586,278
DA:587,278
DA:588,278
DA:589,278
DA:592,278
DA:593,278
DA:594,278
DA:595,278
DA:596,278
DA:597,278
DA:598,278
DA:599,278
DA:600,278
DA:601,278
DA:602,278
DA:603,278
DA:605,278
DA:606,278
DA:607,278
DA:608,278
DA:609,278
DA:611,278
DA:613,278
DA:614,278
DA:615,278
DA:616,278
DA:618,278
DA:619,4
DA:620,4
DA:622,4
DA:624,274
DA:625,274
DA:627,274
DA:629,278
DA:630,278
DA:631,278
DA:632,278
DA:634,278
LF:504
LH:437
BRDA:27,0,0,278
BRDA:527,1,0,269
BRDA:530,2,0,9
BRDA:565,3,0,2
BRDA:616,4,0,274
BRDA:616,5,0,272
BRDA:618,6,0,4
BRDA:622,7,0,274
BRDA:47,8,0,28
BRDA:48,9,0,26
BRDA:50,10,0,24
BRDA:50,11,0,2
BRDA:64,12,0,28
BRDA:65,13,0,28
BRDA:68,14,0,6
BRDA:69,15,0,1
BRDA:72,16,0,5
BRDA:73,17,0,1
BRDA:76,18,0,4
BRDA:77,19,0,0
BRDA:80,20,0,4
BRDA:81,21,0,0
BRDA:84,22,0,4
BRDA:101,23,0,2
BRDA:103,24,0,2
BRDA:106,25,0,1
BRDA:107,26,0,0
BRDA:108,27,0,1
BRDA:115,28,0,9
BRDA:116,29,0,0
BRDA:117,30,0,0
BRDA:118,31,0,9
BRDA:121,32,0,18
BRDA:122,33,0,9
BRDA:146,34,0,2
BRDA:148,35,0,2
BRDA:151,36,0,1
BRDA:152,37,0,1
BRDA:159,38,0,7
BRDA:160,39,0,0
BRDA:161,40,0,7
BRDA:164,41,0,7
BRDA:169,42,0,0
BRDA:177,43,0,6
BRDA:178,44,0,2
BRDA:185,45,0,4
BRDA:187,46,0,0
BRDA:194,47,0,4
BRDA:198,48,0,0
BRDA:200,49,0,4
BRDA:212,50,0,0
BRDA:214,51,0,4
BRDA:224,52,0,3
BRDA:237,53,0,1
BRDA:241,54,0,0
BRDA:197,55,0,4
BRDA:246,56,0,4
BRDA:256,57,0,40
BRDA:260,58,0,4
BRDA:263,59,0,0
BRDA:266,60,0,36
BRDA:269,61,0,28
BRDA:269,62,0,4
BRDA:270,63,0,0
BRDA:271,64,0,0
BRDA:282,65,0,24
BRDA:286,66,0,0
BRDA:292,67,0,0
BRDA:301,68,0,0
BRDA:313,69,0,0
BRDA:320,70,0,0
BRDA:340,71,0,0
BRDA:340,72,0,0
BRDA:335,73,0,4
BRDA:378,74,0,508
BRDA:399,75,0,75
BRDA:414,76,0,56
BRDA:430,77,0,19
BRDA:455,78,0,289
BRDA:458,79,0,278
BRDA:476,80,0,11
BRDA:481,81,0,9
BRDA:496,82,0,1
BRDA:532,83,0,9
BRDA:538,84,0,7
BRDA:546,85,0,1
BRDA:586,86,0,24
BRDA:597,87,0,22
BRDA:608,88,0,1
BRF:89
BRH:68
end_of_record
TN:
SF:src/components/Alerts/AlertEditorDialog.tsx
FN:29,AlertEditorDialog
[...]
FN:46,setSearchTerm
FN:49,setSelectedCategoryId
FN:52,setViewMode
FN:55,reset
FN:60,partialize
FN:74,useLinksSearchTerm
FN:81,useLinksSelectedCategoryId
FN:88,useLinksViewMode
FN:95,useLinksSearchFilterActions
FN:107,useLinksPageState
FN:135,resetLinksPageStore
FN:142,setLinksPageState
FNF:13
FNH:3
FNDA:2,__vite_ssr_import_0__.create.__vite_ssr_import_1__.persist.name
FNDA:0,setSearchTerm
FNDA:0,setSelectedCategoryId
FNDA:0,setViewMode
FNDA:0,reset
FNDA:0,partialize
FNDA:0,useLinksSearchTerm
FNDA:0,useLinksSelectedCategoryId
FNDA:7,useLinksViewMode
FNDA:7,useLinksSearchFilterActions
FNDA:0,useLinksPageState
FNDA:0,resetLinksPageStore
FNDA:0,setLinksPageState
DA:1,1
DA:30,1
DA:31,1
DA:32,1
DA:33,1
DA:34,1
DA:40,1
DA:41,1
DA:42,1
DA:43,2
DA:46,2
DA:49,2
DA:52,2
DA:55,2
DA:56,2
DA:57,1
DA:58,1
DA:60,1
DA:61,0
DA:62,0
DA:63,1
DA:64,1
DA:65,1
DA:74,1
DA:75,0
DA:76,0
DA:81,1
DA:82,0
DA:83,0
DA:88,1
DA:89,7
DA:90,7
DA:95,1
DA:96,7
DA:97,7
DA:98,7
DA:99,7
DA:100,7
DA:101,7
DA:107,1
DA:108,0
DA:109,0
DA:110,0
DA:111,0
DA:112,0
DA:113,0
DA:115,0
DA:117,0
DA:118,0
DA:119,0
DA:122,0
DA:123,0
DA:124,0
DA:125,0
DA:126,0
DA:135,1
DA:136,0
DA:137,0
DA:142,1
DA:144,0
DA:145,0
DA:146,0
LF:62
LH:36
BRDA:42,0,0,2
BRDA:88,1,0,7
BRDA:89,2,0,21
BRDA:95,3,0,7
BRDA:97,4,0,21
BRDA:98,5,0,21
BRDA:99,6,0,21
BRF:7
BRH:7
end_of_record
TN:
SF:src/stores/navigationStore.ts
FN:1,(empty-report)
FNF:1
FNH:0
FNDA:0,(empty-report)
DA:1,0
DA:9,0
DA:10,0
DA:11,0
DA:12,0
DA:13,0
DA:14,0
DA:15,0
DA:16,0
DA:17,0
LF:10
LH:0
BRDA:1,0,0,0
BRF:1
BRH:0
end_of_record
TN:
SF:src/stores/projectsStore.ts
FN:49,sortProjects
FN:74,generateSidebarItems
FN:97,setProjects
FN:109,setIsLoading
FN:111,setError
FN:114,getProjectByName
FN:128,useProjects
FN:136,useSidebarItems
FN:144,useProjectsLoading
FN:152,useProjectsError
FN:160,useProjectByName
FN:170,useProjectsActions
FN:186,useProjectsState
FN:209,resetProjectsStore
FN:221,setProjectsState
FNF:15
FNH:1
FNDA:0,sortProjects
FNDA:0,generateSidebarItems
FNDA:0,setProjects
FNDA:0,setIsLoading
FNDA:0,setError
FNDA:0,getProjectByName
FNDA:20,useProjects
FNDA:0,useSidebarItems
FNDA:0,useProjectsLoading
FNDA:0,useProjectsError
FNDA:0,useProjectByName
FNDA:0,useProjectsActions
FNDA:0,useProjectsState
FNDA:0,resetProjectsStore
FNDA:0,setProjectsState
DA:1,1
DA:29,1
DA:32,1
DA:33,1
DA:34,1
DA:36,1
DA:37,1
DA:38,1
DA:39,1
DA:40,1
DA:49,0
DA:50,0
DA:51,0
DA:53,0
DA:54,0
DA:55,0
DA:56,0
DA:57,0
DA:58,0
DA:59,0
DA:62,0
DA:63,0
DA:64,0
DA:65,0
DA:66,0
DA:68,0
DA:69,0
DA:74,0
DA:75,0
DA:77,0
DA:78,0
DA:79,0
DA:80,0
DA:81,0
DA:82,0
DA:83,0
DA:89,1
DA:91,6
DA:92,6
DA:93,6
DA:94,6
DA:97,6
DA:98,0
DA:99,0
DA:101,0
DA:102,0
DA:103,0
DA:104,0
DA:105,0
DA:106,0
DA:107,0
DA:109,6
DA:111,6
DA:114,6
DA:115,0
DA:116,0
DA:117,0
DA:118,1
DA:128,1
DA:129,20
DA:130,20
DA:136,1
DA:137,0
DA:138,0
DA:144,1
DA:145,0
DA:146,0
DA:152,1
DA:153,0
DA:154,0
DA:160,1
DA:161,0
DA:162,0
DA:163,0
DA:164,0
DA:170,1
DA:171,0
DA:172,0
DA:173,0
DA:174,0
DA:175,0
DA:176,0
DA:186,1
DA:187,0
DA:188,0
DA:189,0
DA:190,0
DA:191,0
DA:193,0
DA:194,0
DA:195,0
DA:196,0
DA:197,0
DA:198,0
DA:199,0
DA:200,0
DA:209,1
DA:210,0
DA:211,0
DA:212,0
DA:213,0
DA:214,0
DA:215,0
DA:216,0
DA:221,1
DA:222,0
DA:223,0
DA:224,0
DA:225,0
DA:226,0
DA:227,0
DA:228,0
DA:229,0
DA:230,0
DA:231,0
LF:115
LH:31
BRDA:89,0,0,6
BRDA:128,1,0,20
BRDA:129,2,0,60
BRF:3
BRH:3
end_of_record
TN:
SF:src/stores/quickLinksStore.ts
FN:72,__vite_ssr_import_0__.create.__vite_ssr_import_1__.persist.name
FN:76,setSearchTerm
FN:79,setSelectedCategoryId
FN:82,setViewMode
FN:85,openDeleteDialog
FN:93,closeDeleteDialog
FN:102,openEditDialog
FN:109,closeEditDialog
FN:117,reset
FN:122,partialize
FN:136,useSearchTerm
FN:143,useSelectedCategoryId
FN:150,useViewMode
FN:157,useDeleteDialog
FN:164,useEditDialog
FN:171,useSearchFilterActions
FN:182,useDeleteDialogActions
FN:192,useEditDialogActions
FN:203,useQuickLinksState
FN:243,resetQuickLinksStore
FN:250,setQuickLinksState
FNF:21
FNH:9
FNDA:2,__vite_ssr_import_0__.create.__vite_ssr_import_1__.persist.name
FNDA:0,setSearchTerm
FNDA:0,setSelectedCategoryId
FNDA:0,setViewMode
FNDA:0,openDeleteDialog
FNDA:0,closeDeleteDialog
FNDA:0,openEditDialog
FNDA:0,closeEditDialog
FNDA:0,reset
FNDA:0,partialize
FNDA:19,useSearchTerm
FNDA:19,useSelectedCategoryId
FNDA:26,useViewMode
FNDA:33,useDeleteDialog
FNDA:38,useEditDialog
FNDA:26,useSearchFilterActions
FNDA:33,useDeleteDialogActions
FNDA:38,useEditDialogActions
FNDA:0,useQuickLinksState
FNDA:0,resetQuickLinksStore
FNDA:0,setQuickLinksState
DA:1,1
DA:51,1
DA:52,1
DA:53,1
DA:54,1
DA:55,1
DA:56,1
DA:57,1
DA:58,1
DA:59,1
DA:60,1
DA:61,1
DA:62,1
DA:63,1
DA:64,1
DA:70,1
DA:71,1
DA:72,1
DA:73,2
DA:76,2
DA:79,2
DA:82,2
DA:85,2
DA:86,0
DA:87,0
DA:88,0
DA:89,0
DA:90,0
DA:91,0
DA:93,2
DA:94,0
DA:95,0
DA:96,0
DA:97,0
DA:98,0
DA:99,0
DA:102,2
DA:103,0
DA:104,0
DA:105,0
DA:106,0
DA:107,0
DA:109,2
DA:110,0
DA:111,0
DA:112,0
DA:113,0
DA:114,0
DA:117,2
DA:118,2
DA:119,1
DA:120,1
DA:122,1
DA:123,0
DA:124,0
DA:125,1
DA:126,1
DA:127,1
DA:136,1
DA:137,19
DA:138,19
DA:143,1
DA:144,19
DA:145,19
DA:150,1
DA:151,26
DA:152,26
DA:157,1
DA:158,33
DA:159,33
DA:164,1
DA:165,38
DA:166,38
DA:171,1
DA:172,26
DA:173,26
DA:174,26
DA:175,26
DA:176,26
DA:177,26
DA:182,1
DA:183,33
DA:184,33
DA:185,33
DA:186,33
DA:187,33
DA:192,1
DA:193,38
DA:194,38
DA:195,38
DA:196,38
DA:197,38
DA:203,1
DA:204,0
DA:205,0
DA:206,0
DA:207,0
DA:208,0
DA:209,0
DA:210,0
DA:211,0
DA:212,0
DA:213,0
DA:214,0
DA:215,0
DA:217,0
DA:219,0
DA:220,0
DA:221,0
DA:222,0
DA:223,0
DA:226,0
DA:227,0
DA:228,0
DA:229,0
DA:230,0
DA:231,0
DA:232,0
DA:233,0
DA:234,0
DA:243,1
DA:244,0
DA:245,0
DA:250,1
DA:254,0
DA:255,0
DA:256,0
LF:127
LH:71
BRDA:72,0,0,2
BRDA:136,1,0,19
BRDA:137,2,0,57
BRDA:143,3,0,19
BRDA:144,4,0,57
BRDA:150,5,0,26
BRDA:151,6,0,78
BRDA:157,7,0,33
BRDA:158,8,0,99
BRDA:164,9,0,38
BRDA:165,10,0,114
BRDA:171,11,0,26
BRDA:173,12,0,78
BRDA:174,13,0,78
BRDA:175,14,0,78
BRDA:182,15,0,33
BRDA:184,16,0,99
BRDA:185,17,0,99
BRDA:192,18,0,38
BRDA:194,19,0,114
BRDA:195,20,0,114
BRF:21
BRH:21
end_of_record
TN:
SF:src/stores/selectionStore.ts
FN:1,(empty-report)
FNF:1
FNH:0
FNDA:0,(empty-report)
DA:1,0
DA:11,0
DA:12,0
DA:13,0
DA:14,0
DA:15,0
DA:16,0
DA:17,0
DA:18,0
DA:19,0
DA:20,0
DA:22,0
DA:23,0
DA:24,0
LF:14
LH:0
BRDA:1,0,0,0
BRF:1
BRH:0
end_of_record
TN:
SF:src/stores/sidebarStore.ts
FN:1,(empty-report)
FNF:1
FNH:0
FNDA:0,(empty-report)
DA:1,0
DA:17,0
DA:18,0
DA:20,0
DA:21,0
DA:22,0
DA:24,0
DA:27,0
DA:29,0
DA:32,0
DA:33,0
DA:34,0
DA:35,0
DA:36,0
DA:37,0
DA:38,0
DA:40,0
DA:41,0
DA:42,0
DA:43,0
DA:56,0
DA:57,0
DA:58,0
DA:59,0
DA:67,0
DA:68,0
DA:69,0
DA:83,0
DA:84,0
DA:85,0
DA:93,0
DA:94,0
DA:95,0
LF:33
LH:0
BRDA:1,0,0,0
BRF:1
BRH:0
end_of_record
TN:
SF:src/stores/teamStore.ts
FN:84,__vite_ssr_import_0__.create.__vite_ssr_import_1__.persist.name
FN:95,setAssigneeFilter
FN:96,setStatusFilter
FN:97,setSortBy
FN:98,setSearch
FN:99,setQuickFilter
FN:100,setCurrentPage
FN:101,setItemsPerPage
FN:103,resetFilters
FN:109,setMemberDialogOpen
FN:110,setLinkDialogOpen
FN:113,toggleComponentExpansion
FN:120,resetComponentExpansion
FN:123,reset
FN:132,partialize
FN:149,useJiraAssigneeFilter
FN:150,useJiraStatusFilter
FN:151,useJiraSortBy
FN:152,useJiraSearch
FN:153,useJiraQuickFilter
FN:154,useJiraCurrentPage
FN:155,useJiraItemsPerPage
FN:158,useJiraFilterActions
FN:172,useJiraFilters
FN:185,useMemberDialogOpen
FN:186,useLinkDialogOpen
FN:188,useDialogActions
FN:196,useTeamComponentsExpanded
FN:198,useComponentExpansionActions
FN:212,resetTeamStore
FN:219,setTeamState
FNF:31
FNH:1
FNDA:1,__vite_ssr_import_0__.create.__vite_ssr_import_1__.persist.name
FNDA:0,setAssigneeFilter
FNDA:0,setStatusFilter
FNDA:0,setSortBy
FNDA:0,setSearch
FNDA:0,setQuickFilter
FNDA:0,setCurrentPage
FNDA:0,setItemsPerPage
FNDA:0,resetFilters
FNDA:0,setMemberDialogOpen
FNDA:0,setLinkDialogOpen
FNDA:0,toggleComponentExpansion
FNDA:0,resetComponentExpansion
FNDA:0,reset
FNDA:0,partialize
FNDA:0,useJiraAssigneeFilter
FNDA:0,useJiraStatusFilter
FNDA:0,useJiraSortBy
FNDA:0,useJiraSearch
FNDA:0,useJiraQuickFilter
FNDA:0,useJiraCurrentPage
FNDA:0,useJiraItemsPerPage
FNDA:0,useJiraFilterActions
FNDA:0,useJiraFilters
FNDA:0,useMemberDialogOpen
FNDA:0,useLinkDialogOpen
FNDA:0,useDialogActions
FNDA:0,useTeamComponentsExpanded
FNDA:0,useComponentExpansionActions
FNDA:0,resetTeamStore
FNDA:0,setTeamState
DA:1,1
DA:59,1
DA:60,1
DA:61,1
DA:62,1
DA:63,1
DA:64,1
DA:65,1
DA:66,1
DA:67,1
DA:69,1
DA:70,1
DA:71,1
DA:72,1
DA:74,1
DA:75,1
DA:76,1
DA:82,1
DA:83,1
DA:84,1
DA:86,1
DA:89,1
DA:92,1
DA:95,1
DA:96,1
DA:97,1
DA:98,1
DA:99,1
DA:100,1
DA:101,1
DA:103,1
DA:104,0
DA:105,0
DA:106,0
DA:109,1
DA:110,1
DA:113,1
DA:114,0
DA:115,0
DA:116,0
DA:117,0
DA:118,0
DA:120,1
DA:123,1
DA:124,0
DA:125,0
DA:126,0
DA:127,0
DA:128,1
DA:129,1
DA:130,1
DA:132,1
DA:133,0
DA:134,0
DA:135,0
DA:136,0
DA:137,0
DA:139,0
DA:140,1
DA:141,1
DA:142,1
DA:149,1
DA:150,1
DA:151,1
DA:152,1
DA:153,1
DA:154,1
DA:155,1
DA:158,1
DA:159,0
DA:160,0
DA:161,0
DA:162,0
DA:163,0
DA:164,0
DA:165,0
DA:166,0
DA:167,0
DA:168,0
DA:169,0
DA:172,1
DA:173,0
DA:174,0
DA:175,0
DA:176,0
DA:177,0
DA:178,0
DA:179,0
DA:180,0
DA:181,0
DA:182,0
DA:185,1
DA:186,1
DA:188,1
DA:189,0
DA:190,0
DA:191,0
DA:192,0
DA:193,0
DA:196,1
DA:198,1
DA:199,0
DA:200,0
DA:201,0
DA:202,0
DA:203,0
DA:212,1
DA:213,0
DA:214,0
DA:219,1
DA:220,0
DA:221,0
LF:112
LH:59
BRDA:84,0,0,1
BRF:1
BRH:1
end_of_record
TN:
SF:src/stores/themeStore.ts
FN:1,(empty-report)
FNF:1
FNH:0
FNDA:0,(empty-report)
DA:1,0
DA:15,0
DA:21,0
DA:22,0
DA:23,0
DA:24,0
DA:25,0
DA:26,0
DA:28,0
DA:29,0
DA:30,0
DA:33,0
DA:34,0
DA:35,0
DA:36,0
DA:37,0
DA:38,0
DA:40,0
DA:41,0
DA:42,0
DA:43,0
DA:44,0
DA:45,0
DA:51,0
DA:52,0
DA:53,0
DA:54,0
DA:55,0
DA:57,0
DA:58,0
DA:59,0
DA:60,0
DA:61,0
DA:63,0
DA:64,0
DA:66,0
DA:67,0
DA:68,0
DA:69,0
DA:70,0
DA:71,0
DA:72,0
DA:73,0
DA:74,0
DA:75,0
DA:76,0
DA:78,0
DA:79,0
DA:80,0
DA:81,0
DA:82,0
DA:83,0
DA:84,0
DA:88,0
DA:89,0
DA:90,0
DA:91,0
DA:97,0
DA:99,0
DA:100,0
DA:101,0
DA:105,0
DA:106,0
DA:107,0
DA:110,0
DA:113,0
DA:114,0
DA:115,0
DA:121,0
DA:122,0
DA:124,0
DA:126,0
DA:127,0
DA:128,0
DA:130,0
DA:131,0
DA:133,0
DA:134,0
DA:137,0
DA:138,0
DA:139,0
DA:140,0
DA:141,0
DA:143,0
DA:145,0
DA:146,0
DA:147,0
DA:148,0
DA:149,0
DA:151,0
DA:152,0
DA:162,0
DA:163,0
DA:164,0
DA:170,0
DA:171,0
DA:172,0
DA:178,0
DA:179,0
DA:180,0
DA:181,0
DA:182,0
DA:183,0
DA:189,0
DA:191,0
DA:192,0
DA:193,0
DA:194,0
DA:196,0
DA:197,0
DA:207,0
DA:208,0
DA:209,0
DA:210,0
DA:211,0
DA:212,0
DA:213,0
DA:214,0
DA:219,0
DA:220,0
DA:221,0
DA:222,0
DA:223,0
DA:224,0
LF:124
LH:0
BRDA:1,0,0,0
BRF:1
BRH:0
end_of_record
TN:
SF:src/stores/uiStore.ts
FN:1,(empty-report)
FNF:1
FNH:0
FNDA:0,(empty-report)
DA:1,0
DA:13,0
DA:14,0
DA:15,0
DA:16,0
DA:17,0
DA:18,0
DA:19,0
DA:20,0
DA:21,0
DA:22,0
DA:23,0
DA:24,0
DA:25,0
LF:14
LH:0
BRDA:1,0,0,0
BRF:1
BRH:0
end_of_record
TN:
SF:src/types/api.ts
FN:1,(empty-report)
FNF:1
FNH:1
FNDA:1,(empty-report)
DA:23,0
DA:24,0
DA:25,0
DA:26,0
DA:33,0
DA:34,0
DA:35,0
DA:36,0
DA:37,0
DA:38,0
DA:45,0
DA:46,0
DA:47,0
DA:48,0
DA:49,0
DA:50,0
DA:56,0
DA:57,0
DA:58,0
DA:59,0
DA:65,0
DA:66,0
DA:67,0
DA:68,0
DA:69,0
DA:76,0
DA:77,0
DA:78,0
DA:79,0
DA:80,0
DA:81,0
DA:87,0
DA:88,0
DA:89,0
DA:90,0
DA:91,0
DA:98,0
DA:99,0
DA:100,0
DA:101,0
DA:102,0
DA:775,0
DA:776,0
DA:777,0
DA:778,0
DA:779,0
DA:781,0
LF:47
LH:0
BRDA:1,0,0,1
BRF:1
BRH:1
end_of_record
TN:
SF:src/types/developer-portal.ts
FNF:0
FNH:0
DA:1,1
DA:233,1
DA:234,1
DA:235,1
DA:236,1
DA:237,1
DA:238,1
DA:239,1
DA:240,1
DA:243,1
DA:278,1
DA:279,1
DA:280,1
DA:281,1
DA:282,1
DA:283,1
LF:16
LH:16
BRF:0
BRH:0
end_of_record
TN:
SF:src/types/documentation.ts
FN:1,(empty-report)
FNF:1
FNH:1
FNDA:1,(empty-report)
LF:0
LH:0
BRDA:1,0,0,1
BRF:1
BRH:1
end_of_record
TN:
SF:src/types/health.ts
FN:1,(empty-report)
FNF:1
FNH:1
FNDA:1,(empty-report)
LF:0
LH:0
BRDA:1,0,0,1
BRF:1
BRH:1
end_of_record
TN:
SF:src/types/new-backend-entities.ts
FN:1,(empty-report)
FNF:1
FNH:1
FNDA:1,(empty-report)
LF:0
LH:0
BRDA:1,0,0,1
BRF:1
BRH:1
end_of_record
TN:
SF:src/types/project-interface.ts
FN:1,(empty-report)
FNF:1
FNH:1
FNDA:1,(empty-report)
LF:0
LH:0
BRDA:1,0,0,1
BRF:1
BRH:1
end_of_record
TN:
SF:src/types/team.ts
FN:1,(empty-report)
FNF:1
FNH:1
FNDA:1,(empty-report)
LF:0
LH:0
BRDA:1,0,0,1
BRF:1
BRH:1
end_of_record
TN:
SF:src/utils/alertUtils.ts
FN:3,getAlertComponent
FN:7,getSeverityColor
FN:15,getStatusColor
FN:21,formatDateTime
FNF:4
FNH:0
FNDA:0,getAlertComponent
FNDA:0,getSeverityColor
FNDA:0,getStatusColor
FNDA:0,formatDateTime
DA:3,1
DA:4,0
DA:5,0
DA:7,1
DA:8,0
DA:9,0
DA:10,0
DA:11,0
DA:12,0
DA:13,0
DA:15,1
DA:16,0
DA:17,0
DA:18,0
DA:19,0
DA:21,1
DA:22,0
DA:23,0
DA:24,0
DA:25,0
DA:26,0
DA:27,0
LF:22
LH:4
BRF:0
BRH:0
end_of_record
TN:
SF:src/utils/developer-portal-helpers.ts
FN:6,getStatusColor
FN:25,getAvailableComponents
FN:35,getGroupStatus
FN:46,getLogLevelColor
FN:57,getLogLevelIcon
FN:69,getDeployedVersion
FN:81,getBasePath
FN:103,shouldNavigateToTab
FN:110,createTeamSlug
FN:120,getTeamNameFromSlug
FN:126,isValidEmail
FN:131,isValidUrl
FN:143,safeLocalStorageGet
FN:152,safeLocalStorageSet
FN:165,generateStableLinkId
FN:171,buildUserFromMe
FN:201,sortLandscapeGroups
FNF:17
FNH:16
FNDA:10,getStatusColor
FNDA:0,getAvailableComponents
FNDA:3,getGroupStatus
FNDA:7,getLogLevelColor
FNDA:7,getLogLevelIcon
FNDA:7,getDeployedVersion
FNDA:13,getBasePath
FNDA:4,shouldNavigateToTab
FNDA:25,createTeamSlug
FNDA:6,getTeamNameFromSlug
FNDA:28,isValidEmail
FNDA:11,isValidUrl
FNDA:8,safeLocalStorageGet
FNDA:8,safeLocalStorageSet
FNDA:5,generateStableLinkId
FNDA:3,buildUserFromMe
FNDA:19,sortLandscapeGroups
DA:1,1
DA:6,1
DA:7,10
DA:8,10
DA:9,10
DA:10,10
DA:11,3
DA:12,10
DA:13,10
DA:14,2
DA:15,10
DA:16,10
DA:17,10
DA:18,3
DA:19,10
DA:20,2
DA:21,10
DA:22,10
DA:25,1
DA:26,0
DA:27,0
DA:28,0
DA:29,0
DA:31,0
DA:32,0
DA:35,1
DA:36,3
DA:37,3
DA:38,3
DA:40,3
DA:41,3
DA:42,1
DA:43,1
DA:46,1
DA:47,7
DA:48,7
DA:49,7
DA:50,7
DA:51,7
DA:52,7
DA:53,7
DA:54,7
DA:55,7
DA:57,1
DA:58,7
DA:59,7
DA:60,7
DA:61,7
DA:62,7
DA:63,7
DA:64,7
DA:65,7
DA:66,7
DA:69,1
DA:70,7
DA:71,7
DA:72,7
DA:73,7
DA:74,7
DA:75,5
DA:76,7
DA:77,7
DA:78,7
DA:81,1
DA:82,13
DA:83,13
DA:86,13
DA:87,13
DA:90,13
DA:91,0
DA:92,0
DA:95,13
DA:96,7
DA:97,7
DA:99,2
DA:100,2
DA:103,1
DA:105,4
DA:106,4
DA:107,4
DA:110,1
DA:111,25
DA:112,25
DA:113,25
DA:114,25
DA:115,25
DA:116,25
DA:117,25
DA:120,1
DA:122,6
DA:123,6
DA:126,1
DA:127,28
DA:128,28
DA:129,28
DA:131,1
DA:132,11
DA:133,9
DA:134,9
DA:135,9
DA:136,11
DA:137,3
DA:138,3
DA:139,11
DA:143,1
DA:144,8
DA:145,8
DA:146,8
DA:147,8
DA:148,1
DA:149,1
DA:150,8
DA:152,1
DA:153,8
DA:154,8
DA:155,2
DA:156,8
DA:157,6
DA:158,6
DA:159,8
DA:161,1
DA:162,8
DA:165,1
DA:166,5
DA:167,5
DA:168,5
DA:171,1
DA:172,3
DA:173,3
DA:174,3
DA:175,3
DA:176,3
DA:177,3
DA:178,3
DA:179,3
DA:180,3
DA:181,3
DA:182,3
DA:187,1
DA:188,1
DA:189,1
DA:190,1
DA:191,1
DA:192,1
DA:193,1
DA:194,1
DA:195,1
DA:196,1
DA:197,1
DA:198,1
DA:201,1
DA:202,19
DA:204,19
DA:205,0
DA:206,0
DA:209,0
DA:210,0
DA:213,0
DA:214,0
DA:217,0
DA:218,0
DA:219,0
DA:222,0
DA:225,0
DA:228,0
DA:229,19
DA:230,19
LF:167
LH:147
BRDA:6,0,0,10
BRDA:8,1,0,1
BRDA:9,2,0,2
BRDA:10,3,0,3
BRDA:12,4,0,1
BRDA:13,5,0,2
BRDA:15,6,0,1
BRDA:16,7,0,2
BRDA:17,8,0,3
BRDA:19,9,0,2
BRDA:35,10,0,3
BRDA:40,11,0,1
BRDA:40,12,0,2
BRDA:41,13,0,1
BRDA:37,14,0,7
BRDA:46,15,0,7
BRDA:48,16,0,1
BRDA:49,17,0,1
BRDA:50,18,0,1
BRDA:51,19,0,1
BRDA:52,20,0,1
BRDA:53,21,0,2
BRDA:57,22,0,7
BRDA:59,23,0,1
BRDA:60,24,0,1
BRDA:61,25,0,1
BRDA:62,26,0,1
BRDA:63,27,0,1
BRDA:64,28,0,2
BRDA:69,29,0,7
BRDA:74,30,0,6
BRDA:74,31,0,2
BRDA:74,32,0,5
BRDA:76,33,0,4
BRDA:77,34,0,3
BRDA:77,35,0,3
BRDA:76,36,0,6
BRDA:81,37,0,13
BRDA:83,38,0,2
BRDA:83,39,0,11
BRDA:86,40,0,2
BRDA:86,41,0,9
BRDA:87,42,0,0
BRDA:87,43,0,9
BRDA:90,44,0,7
BRDA:90,45,0,0
BRDA:90,46,0,0
BRDA:92,47,0,9
BRDA:95,48,0,7
BRDA:97,49,0,2
BRDA:103,50,0,4
BRDA:106,51,0,3
BRDA:110,52,0,25
BRDA:120,53,0,6
BRDA:122,54,0,3
BRDA:122,55,0,12
BRDA:126,56,0,28
BRDA:131,57,0,11
BRDA:132,58,0,2
BRDA:132,59,0,9
BRDA:136,60,0,3
BRDA:143,61,0,8
BRDA:146,62,0,6
BRDA:146,63,0,2
BRDA:147,64,0,1
BRDA:152,65,0,8
BRDA:154,66,0,7
BRDA:154,67,0,2
BRDA:156,68,0,6
BRDA:159,69,0,1
BRDA:165,70,0,5
BRDA:171,71,0,3
BRDA:172,72,0,2
BRDA:172,73,0,2
BRDA:174,74,0,1
BRDA:175,75,0,2
BRDA:201,76,0,19
BRF:77
BRH:74
end_of_record
TN:
SF:src/utils/environment.ts
FN:16,isProduction
FN:31,isDevelopment
FN:40,getEnvironment
FNF:3
FNH:1
FNDA:49,isProduction
FNDA:0,isDevelopment
FNDA:0,getEnvironment
DA:16,1
DA:18,49
DA:19,0
DA:20,0
DA:23,49
DA:24,49
DA:31,1
DA:32,0
DA:33,0
DA:40,1
DA:41,0
DA:42,0
DA:43,0
DA:44,0
DA:45,0
DA:46,0
DA:48,0
DA:49,0
DA:50,0
DA:52,0
DA:53,0
DA:54,0
DA:56,0
DA:57,0
LF:24
LH:6
BRDA:16,0,0,49
BRDA:18,1,0,0
BRDA:18,2,0,0
BRF:3
BRH:1
end_of_record
TN:
SF:src/utils/landscapeHistory.ts
FN:3,getLandscapeHistory
FN:14,addToLandscapeHistory
FN:33,clearLandscapeHistory
FNF:3
FNH:1
FNDA:19,getLandscapeHistory
FNDA:0,addToLandscapeHistory
FNDA:0,clearLandscapeHistory
DA:1,1
DA:3,1
DA:4,19
DA:5,19
DA:6,19
DA:7,0
DA:8,0
DA:9,0
DA:10,0
DA:11,0
DA:12,19
DA:14,1
DA:15,0
DA:16,0
DA:19,0
DA:22,0
DA:23,0
DA:24,0
DA:25,0
DA:27,0
DA:28,0
DA:29,0
DA:30,0
DA:31,0
DA:33,1
DA:34,0
DA:35,0
DA:36,0
DA:37,0
DA:38,0
DA:39,0
LF:31
LH:8
BRDA:3,0,0,19
BRDA:6,1,0,0
BRF:2
BRH:1
end_of_record
TN:
SF:src/utils/landscapeUtils.ts
FN:1,(empty-report)
FNF:1
FNH:1
FNDA:1,(empty-report)
DA:3,0
DA:4,0
DA:5,0
DA:6,0
DA:9,0
DA:10,0
DA:11,0
DA:13,0
DA:14,0
DA:15,0
DA:18,0
DA:19,0
LF:12
LH:0
BRDA:1,0,0,1
BRF:1
BRH:1
end_of_record
TN:
SF:src/utils/member-utils.ts
FN:12,openTeamsChat
FN:22,openSAPProfile
FN:30,openEditPicture
FN:38,openEmailClient
FN:49,formatBirthDate
FN:96,formatPhoneNumber
FN:112,copyToClipboard
FNF:7
FNH:6
FNDA:4,openTeamsChat
FNDA:4,openSAPProfile
FNDA:0,openEditPicture
FNDA:4,openEmailClient
FNDA:18,formatBirthDate
FNDA:6,formatPhoneNumber
FNDA:2,copyToClipboard
DA:6,1
DA:12,1
DA:14,4
DA:15,4
DA:16,4
DA:22,1
DA:23,4
DA:24,4
DA:30,1
DA:31,0
DA:32,0
DA:38,1
DA:40,4
DA:41,4
DA:42,4
DA:49,1
DA:51,18
DA:52,3
DA:53,3
DA:56,15
DA:57,15
DA:59,18
DA:60,10
DA:61,10
DA:62,10
DA:65,10
DA:66,2
DA:67,2
DA:70,10
DA:71,1
DA:72,1
DA:75,7
DA:78,7
DA:79,7
DA:80,10
DA:81,2
DA:82,2
DA:84,5
DA:85,5
DA:88,5
DA:89,5
DA:96,1
DA:97,6
DA:100,6
DA:101,2
DA:102,2
DA:104,2
DA:105,2
DA:112,1
DA:113,2
DA:114,2
DA:115,2
DA:117,1
DA:118,1
DA:119,1
DA:120,2
LF:56
LH:54
BRDA:12,0,0,4
BRDA:22,1,0,4
BRDA:38,2,0,4
BRDA:49,3,0,18
BRDA:51,4,0,3
BRDA:53,5,0,15
BRDA:59,6,0,10
BRDA:65,7,0,9
BRDA:65,8,0,2
BRDA:67,9,0,8
BRDA:70,10,0,1
BRDA:72,11,0,7
BRDA:79,12,0,5
BRDA:80,13,0,2
BRDA:82,14,0,5
BRDA:85,15,0,5
BRDA:96,16,0,6
BRDA:97,17,0,2
BRDA:97,18,0,4
BRDA:100,19,0,2
BRDA:100,20,0,2
BRDA:112,21,0,2
BRDA:115,22,0,1
BRF:23
BRH:23
end_of_record
TN:
SF:src/utils/schedule-utils.ts
FN:3,toISODate
FN:7,isWeekend
FN:12,calculateDays
FN:20,getDateRangeType
FN:39,splitDateRange
FN:56,getNextDay
FN:61,getWeekFromDate
FN:66,isDateInRange
FNF:8
FNH:8
FNDA:11,toISODate
FNDA:4,isWeekend
FNDA:56,calculateDays
FNDA:54,getDateRangeType
FNDA:6,splitDateRange
FNDA:12,getNextDay
FNDA:10,getWeekFromDate
FNDA:7,isDateInRange
DA:3,1
DA:4,11
DA:5,11
DA:7,1
DA:8,4
DA:9,4
DA:10,4
DA:12,1
DA:13,56
DA:14,53
DA:15,53
DA:16,53
DA:17,53
DA:18,53
DA:20,1
DA:21,54
DA:23,51
DA:24,51
DA:25,51
DA:27,54
DA:28,235
DA:29,235
DA:31,51
DA:32,51
DA:34,54
DA:35,54
DA:36,26
DA:37,26
DA:39,1
DA:42,6
DA:43,6
DA:44,6
DA:45,6
DA:46,6
DA:47,6
DA:48,6
DA:50,6
DA:51,6
DA:52,6
DA:53,6
DA:54,6
DA:56,1
DA:57,12
DA:58,12
DA:59,12
DA:61,1
DA:62,10
DA:63,10
DA:64,10
DA:66,1
DA:67,7
DA:69,7
DA:71,7
DA:72,7
DA:74,7
DA:75,7
LF:56
LH:56
BRDA:3,0,0,11
BRDA:7,1,0,4
BRDA:9,2,0,3
BRDA:12,3,0,56
BRDA:13,4,0,54
BRDA:13,5,0,3
BRDA:13,6,0,53
BRDA:20,7,0,54
BRDA:21,8,0,52
BRDA:21,9,0,3
BRDA:21,10,0,51
BRDA:27,11,0,235
BRDA:29,12,0,51
BRDA:34,13,0,48
BRDA:34,14,0,23
BRDA:34,15,0,28
BRDA:35,16,0,48
BRDA:35,17,0,2
BRDA:35,18,0,26
BRDA:31,19,0,235
BRDA:31,20,0,211
BRDA:32,21,0,235
BRDA:32,22,0,211
BRDA:39,23,0,6
BRDA:56,24,0,12
BRDA:61,25,0,10
BRDA:66,26,0,7
BRDA:67,27,0,6
BRDA:67,28,0,1
BRDA:74,29,0,6
BRF:30
BRH:30
end_of_record
